<?xml version="1.0" encoding="UTF-8"?>
<coverage generated="1488031085202" clover="3.2.0">
  <project timestamp="1488031085202" name="All files">
    <metrics statements="269" coveredstatements="253" conditionals="124" coveredconditionals="111" methods="96" coveredmethods="93" elements="489" coveredelements="457" complexity="0" loc="269" ncloc="269" packages="10" files="14" classes="14">
      <package name="transformations">
        <metrics statements="96" coveredstatements="94" conditionals="44" coveredconditionals="38" methods="26" coveredmethods="26"/>
        <file name="defineTest.js" path="/Users/evenstensberg/Documents/webpack-cli/lib/transformations/defineTest.js">
          <metrics statements="20" coveredstatements="19" conditionals="8" coveredconditionals="6" methods="4" coveredmethods="4"/>
          <line num="14" count="8" type="stmt"/>
          <line num="15" count="8" type="stmt"/>
          <line num="37" count="25" type="stmt"/>
          <line num="38" count="2" type="stmt"/>
          <line num="41" count="25" type="stmt"/>
          <line num="42" count="25" type="stmt"/>
          <line num="43" count="25" type="stmt"/>
          <line num="45" count="25" type="stmt"/>
          <line num="47" count="25" type="stmt"/>
          <line num="51" count="25" type="stmt"/>
          <line num="52" count="25" type="stmt"/>
          <line num="53" count="0" type="stmt"/>
          <line num="55" count="25" type="stmt"/>
          <line num="56" count="25" type="stmt"/>
          <line num="57" count="25" type="stmt"/>
          <line num="65" count="25" type="stmt"/>
          <line num="68" count="25" type="stmt"/>
          <line num="69" count="25" type="stmt"/>
          <line num="70" count="25" type="stmt"/>
          <line num="74" count="8" type="stmt"/>
        </file>
        <file name="index.js" path="/Users/evenstensberg/Documents/webpack-cli/lib/transformations/index.js">
          <metrics statements="16" coveredstatements="16" conditionals="2" coveredconditionals="2" methods="3" coveredmethods="3"/>
          <line num="1" count="1" type="stmt"/>
          <line num="3" count="1" type="stmt"/>
          <line num="4" count="1" type="stmt"/>
          <line num="5" count="1" type="stmt"/>
          <line num="6" count="1" type="stmt"/>
          <line num="7" count="1" type="stmt"/>
          <line num="8" count="1" type="stmt"/>
          <line num="9" count="1" type="stmt"/>
          <line num="10" count="1" type="stmt"/>
          <line num="12" count="1" type="stmt"/>
          <line num="35" count="4" type="stmt"/>
          <line num="36" count="4" type="stmt"/>
          <line num="39" count="16" type="stmt"/>
          <line num="40" count="17" type="stmt"/>
          <line num="41" count="4" type="stmt"/>
          <line num="44" count="1" type="stmt"/>
        </file>
        <file name="utils.js" path="/Users/evenstensberg/Documents/webpack-cli/lib/transformations/utils.js">
          <metrics statements="60" coveredstatements="59" conditionals="34" coveredconditionals="30" methods="19" coveredmethods="19"/>
          <line num="2" count="75" type="stmt"/>
          <line num="3" count="75" type="stmt"/>
          <line num="5" count="75" type="stmt"/>
          <line num="6" count="360" type="stmt"/>
          <line num="7" count="7" type="stmt"/>
          <line num="9" count="353" type="stmt"/>
          <line num="10" count="353" type="stmt"/>
          <line num="12" count="68" type="stmt"/>
          <line num="17" count="150" type="stmt"/>
          <line num="18" count="93" type="stmt"/>
          <line num="20" count="57" type="stmt"/>
          <line num="25" count="12" type="stmt"/>
          <line num="26" count="0" type="stmt"/>
          <line num="27" count="12" type="stmt"/>
          <line num="28" count="8" type="stmt"/>
          <line num="30" count="4" type="stmt"/>
          <line num="31" count="4" type="stmt"/>
          <line num="32" count="4" type="stmt"/>
          <line num="50" count="32" type="stmt"/>
          <line num="53" count="49" type="stmt"/>
          <line num="54" count="57" type="stmt"/>
          <line num="69" count="2" type="stmt"/>
          <line num="83" count="31" type="stmt"/>
          <line num="101" count="64" type="stmt"/>
          <line num="103" count="64" type="stmt"/>
          <line num="105" count="52" type="stmt"/>
          <line num="107" count="52" type="stmt"/>
          <line num="109" count="52" type="stmt"/>
          <line num="111" count="64" type="stmt"/>
          <line num="127" count="9" type="stmt"/>
          <line num="129" count="9" type="stmt"/>
          <line num="130" count="8" type="stmt"/>
          <line num="131" count="12" type="stmt"/>
          <line num="136" count="9" type="stmt"/>
          <line num="137" count="5" type="stmt"/>
          <line num="139" count="5" type="stmt"/>
          <line num="140" count="5" type="stmt"/>
          <line num="141" count="5" type="stmt"/>
          <line num="144" count="4" type="stmt"/>
          <line num="148" count="4" type="stmt"/>
          <line num="150" count="6" type="stmt"/>
          <line num="152" count="6" type="stmt"/>
          <line num="154" count="6" type="stmt"/>
          <line num="156" count="1" type="stmt"/>
          <line num="157" count="1" type="stmt"/>
          <line num="161" count="5" type="stmt"/>
          <line num="167" count="1" type="stmt"/>
          <line num="174" count="4" type="stmt"/>
          <line num="175" count="4" type="stmt"/>
          <line num="176" count="3" type="stmt"/>
          <line num="178" count="4" type="stmt"/>
          <line num="182" count="4" type="stmt"/>
          <line num="198" count="4" type="stmt"/>
          <line num="201" count="4" type="stmt"/>
          <line num="202" count="2" type="stmt"/>
          <line num="215" count="2" type="stmt"/>
          <line num="219" count="133" type="stmt"/>
          <line num="221" count="244" type="stmt"/>
          <line num="222" count="244" type="stmt"/>
          <line num="227" count="8" type="stmt"/>
        </file>
      </package>
      <package name="transformations.bannerPlugin">
        <metrics statements="7" coveredstatements="7" conditionals="5" coveredconditionals="5" methods="2" coveredmethods="2"/>
        <file name="bannerPlugin.js" path="/Users/evenstensberg/Documents/webpack-cli/lib/transformations/bannerPlugin/bannerPlugin.js">
          <metrics statements="7" coveredstatements="7" conditionals="5" coveredconditionals="5" methods="2" coveredmethods="2"/>
          <line num="1" count="2" type="stmt"/>
          <line num="3" count="2" type="stmt"/>
          <line num="4" count="5" type="stmt"/>
          <line num="6" count="2" type="stmt"/>
          <line num="9" count="2" type="stmt"/>
          <line num="11" count="1" type="stmt"/>
          <line num="12" count="1" type="stmt"/>
        </file>
      </package>
      <package name="transformations.extractTextPlugin">
        <metrics statements="16" coveredstatements="16" conditionals="8" coveredconditionals="7" methods="7" coveredmethods="7"/>
        <file name="extractTextPlugin.js" path="/Users/evenstensberg/Documents/webpack-cli/lib/transformations/extractTextPlugin/extractTextPlugin.js">
          <metrics statements="16" coveredstatements="16" conditionals="8" coveredconditionals="7" methods="7" coveredmethods="7"/>
          <line num="1" count="2" type="stmt"/>
          <line num="4" count="3" type="stmt"/>
          <line num="6" count="1" type="stmt"/>
          <line num="9" count="2" type="stmt"/>
          <line num="10" count="3" type="stmt"/>
          <line num="11" count="1" type="stmt"/>
          <line num="15" count="2" type="stmt"/>
          <line num="16" count="1" type="stmt"/>
          <line num="17" count="1" type="stmt"/>
          <line num="18" count="2" type="stmt"/>
          <line num="20" count="1" type="stmt"/>
          <line num="22" count="1" type="stmt"/>
          <line num="24" count="3" type="stmt"/>
          <line num="25" count="3" type="stmt"/>
          <line num="27" count="1" type="stmt"/>
          <line num="28" count="3" type="stmt"/>
        </file>
      </package>
      <package name="transformations.loaderOptionsPlugin">
        <metrics statements="12" coveredstatements="12" conditionals="6" coveredconditionals="6" methods="3" coveredmethods="3"/>
        <file name="loaderOptionsPlugin.js" path="/Users/evenstensberg/Documents/webpack-cli/lib/transformations/loaderOptionsPlugin/loaderOptionsPlugin.js">
          <metrics statements="12" coveredstatements="12" conditionals="6" coveredconditionals="6" methods="3" coveredmethods="3"/>
          <line num="1" count="2" type="stmt"/>
          <line num="2" count="2" type="stmt"/>
          <line num="3" count="2" type="stmt"/>
          <line num="5" count="2" type="stmt"/>
          <line num="6" count="5" type="stmt"/>
          <line num="11" count="5" type="stmt"/>
          <line num="12" count="3" type="stmt"/>
          <line num="16" count="5" type="stmt"/>
          <line num="17" count="3" type="stmt"/>
          <line num="20" count="5" type="stmt"/>
          <line num="22" count="11" type="stmt"/>
          <line num="24" count="5" type="stmt"/>
        </file>
      </package>
      <package name="transformations.loaders">
        <metrics statements="64" coveredstatements="51" conditionals="33" coveredconditionals="29" methods="32" coveredmethods="29"/>
        <file name="loaders.js" path="/Users/evenstensberg/Documents/webpack-cli/lib/transformations/loaders/loaders.js">
          <metrics statements="64" coveredstatements="51" conditionals="33" coveredconditionals="29" methods="32" coveredmethods="29"/>
          <line num="1" count="2" type="stmt"/>
          <line num="3" count="2" type="stmt"/>
          <line num="5" count="10" type="stmt"/>
          <line num="6" count="2" type="stmt"/>
          <line num="7" count="4" type="stmt"/>
          <line num="10" count="2" type="stmt"/>
          <line num="11" count="2" type="stmt"/>
          <line num="12" count="2" type="stmt"/>
          <line num="15" count="10" type="stmt"/>
          <line num="16" count="0" type="stmt"/>
          <line num="17" count="0" type="stmt"/>
          <line num="18" count="0" type="stmt"/>
          <line num="19" count="0" type="stmt"/>
          <line num="20" count="0" type="stmt"/>
          <line num="21" count="0" type="stmt"/>
          <line num="22" count="0" type="stmt"/>
          <line num="23" count="0" type="stmt"/>
          <line num="24" count="0" type="stmt"/>
          <line num="25" count="0" type="stmt"/>
          <line num="27" count="0" type="stmt"/>
          <line num="28" count="0" type="stmt"/>
          <line num="29" count="0" type="stmt"/>
          <line num="32" count="10" type="stmt"/>
          <line num="33" count="4" type="stmt"/>
          <line num="35" count="6" type="stmt"/>
          <line num="41" count="161" type="stmt"/>
          <line num="44" count="10" type="stmt"/>
          <line num="46" count="8" type="stmt"/>
          <line num="47" count="12" type="stmt"/>
          <line num="48" count="12" type="stmt"/>
          <line num="49" count="4" type="stmt"/>
          <line num="52" count="8" type="stmt"/>
          <line num="53" count="12" type="stmt"/>
          <line num="54" count="12" type="stmt"/>
          <line num="55" count="8" type="stmt"/>
          <line num="57" count="8" type="stmt"/>
          <line num="58" count="8" type="stmt"/>
          <line num="59" count="8" type="stmt"/>
          <line num="60" count="4" type="stmt"/>
          <line num="62" count="4" type="stmt"/>
          <line num="67" count="8" type="stmt"/>
          <line num="68" count="8" type="stmt"/>
          <line num="70" count="8" type="stmt"/>
          <line num="73" count="10" type="stmt"/>
          <line num="75" count="64" type="stmt"/>
          <line num="76" count="8" type="stmt"/>
          <line num="78" count="10" type="stmt"/>
          <line num="81" count="16" type="stmt"/>
          <line num="83" count="10" type="stmt"/>
          <line num="86" count="161" type="stmt"/>
          <line num="90" count="20" type="stmt"/>
          <line num="92" count="10" type="stmt"/>
          <line num="95" count="161" type="stmt"/>
          <line num="101" count="10" type="stmt"/>
          <line num="103" count="68" type="stmt"/>
          <line num="107" count="10" type="stmt"/>
          <line num="109" count="161" type="stmt"/>
          <line num="112" count="10" type="stmt"/>
          <line num="115" count="68" type="stmt"/>
          <line num="116" count="125" type="stmt"/>
          <line num="119" count="9" type="stmt"/>
          <line num="125" count="10" type="stmt"/>
          <line num="134" count="70" type="stmt"/>
          <line num="136" count="10" type="stmt"/>
        </file>
      </package>
      <package name="transformations.removeDeprecatedPlugins">
        <metrics statements="7" coveredstatements="7" conditionals="2" coveredconditionals="2" methods="2" coveredmethods="2"/>
        <file name="removeDeprecatedPlugins.js" path="/Users/evenstensberg/Documents/webpack-cli/lib/transformations/removeDeprecatedPlugins/removeDeprecatedPlugins.js">
          <metrics statements="7" coveredstatements="7" conditionals="2" coveredconditionals="2" methods="2" coveredmethods="2"/>
          <line num="1" count="2" type="stmt"/>
          <line num="3" count="2" type="stmt"/>
          <line num="6" count="5" type="stmt"/>
          <line num="11" count="5" type="stmt"/>
          <line num="15" count="6" type="stmt"/>
          <line num="16" count="2" type="stmt"/>
          <line num="18" count="4" type="stmt"/>
        </file>
      </package>
      <package name="transformations.removeJsonLoader">
        <metrics statements="20" coveredstatements="20" conditionals="10" coveredconditionals="9" methods="7" coveredmethods="7"/>
        <file name="removeJsonLoader.js" path="/Users/evenstensberg/Documents/webpack-cli/lib/transformations/removeJsonLoader/removeJsonLoader.js">
          <metrics statements="20" coveredstatements="20" conditionals="10" coveredconditionals="9" methods="7" coveredmethods="7"/>
          <line num="1" count="2" type="stmt"/>
          <line num="3" count="6" type="stmt"/>
          <line num="7" count="8" type="stmt"/>
          <line num="8" count="8" type="stmt"/>
          <line num="10" count="12" type="stmt"/>
          <line num="11" count="6" type="stmt"/>
          <line num="12" count="6" type="stmt"/>
          <line num="14" count="4" type="stmt"/>
          <line num="16" count="4" type="stmt"/>
          <line num="20" count="6" type="stmt"/>
          <line num="21" count="4" type="stmt"/>
          <line num="23" count="6" type="stmt"/>
          <line num="28" count="2" type="stmt"/>
          <line num="29" count="2" type="stmt"/>
          <line num="31" count="2" type="stmt"/>
          <line num="37" count="6" type="stmt"/>
          <line num="38" count="8" type="stmt"/>
          <line num="41" count="6" type="stmt"/>
          <line num="45" count="6" type="stmt"/>
          <line num="47" count="6" type="stmt"/>
        </file>
      </package>
      <package name="transformations.resolve">
        <metrics statements="26" coveredstatements="26" conditionals="10" coveredconditionals="10" methods="10" coveredmethods="10"/>
        <file name="resolve.js" path="/Users/evenstensberg/Documents/webpack-cli/lib/transformations/resolve/resolve.js">
          <metrics statements="26" coveredstatements="26" conditionals="10" coveredconditionals="10" methods="10" coveredmethods="10"/>
          <line num="1" count="2" type="stmt"/>
          <line num="3" count="3" type="stmt"/>
          <line num="4" count="9" type="stmt"/>
          <line num="7" count="3" type="stmt"/>
          <line num="8" count="6" type="stmt"/>
          <line num="10" count="12" type="stmt"/>
          <line num="14" count="3" type="stmt"/>
          <line num="15" count="9" type="stmt"/>
          <line num="16" count="6" type="stmt"/>
          <line num="19" count="3" type="stmt"/>
          <line num="20" count="6" type="stmt"/>
          <line num="21" count="6" type="stmt"/>
          <line num="22" count="6" type="stmt"/>
          <line num="23" count="2" type="stmt"/>
          <line num="25" count="4" type="stmt"/>
          <line num="27" count="6" type="stmt"/>
          <line num="29" count="6" type="stmt"/>
          <line num="30" count="3" type="stmt"/>
          <line num="31" count="3" type="stmt"/>
          <line num="33" count="3" type="stmt"/>
          <line num="35" count="6" type="stmt"/>
          <line num="36" count="6" type="stmt"/>
          <line num="37" count="6" type="stmt"/>
          <line num="40" count="3" type="stmt"/>
          <line num="43" count="39" type="stmt"/>
          <line num="45" count="9" type="stmt"/>
        </file>
      </package>
      <package name="transformations.uglifyJsPlugin">
        <metrics statements="8" coveredstatements="8" conditionals="2" coveredconditionals="2" methods="3" coveredmethods="3"/>
        <file name="uglifyJsPlugin.js" path="/Users/evenstensberg/Documents/webpack-cli/lib/transformations/uglifyJsPlugin/uglifyJsPlugin.js">
          <metrics statements="8" coveredstatements="8" conditionals="2" coveredconditionals="2" methods="3" coveredmethods="3"/>
          <line num="1" count="2" type="stmt"/>
          <line num="3" count="2" type="stmt"/>
          <line num="6" count="5" type="stmt"/>
          <line num="9" count="5" type="stmt"/>
          <line num="11" count="5" type="stmt"/>
          <line num="13" count="5" type="stmt"/>
          <line num="15" count="2" type="stmt"/>
          <line num="22" count="3" type="stmt"/>
        </file>
      </package>
      <package name="utils">
        <metrics statements="13" coveredstatements="12" conditionals="4" coveredconditionals="3" methods="4" coveredmethods="4"/>
        <file name="initial-config.js" path="/Users/evenstensberg/Documents/webpack-cli/lib/utils/initial-config.js">
          <metrics statements="1" coveredstatements="1" conditionals="0" coveredconditionals="0" methods="0" coveredmethods="0"/>
          <line num="9" count="3" type="stmt"/>
        </file>
        <file name="initial-questions.js" path="/Users/evenstensberg/Documents/webpack-cli/lib/utils/initial-questions.js">
          <metrics statements="3" coveredstatements="3" conditionals="0" coveredconditionals="0" methods="1" coveredmethods="1"/>
          <line num="13" count="6" type="stmt"/>
          <line num="26" count="3" type="stmt"/>
          <line num="31" count="3" type="stmt"/>
        </file>
        <file name="npm-exists.js" path="/Users/evenstensberg/Documents/webpack-cli/lib/utils/npm-exists.js">
          <metrics statements="9" coveredstatements="8" conditionals="4" coveredconditionals="3" methods="3" coveredmethods="3"/>
          <line num="1" count="3" type="stmt"/>
          <line num="2" count="3" type="stmt"/>
          <line num="3" count="8" type="stmt"/>
          <line num="15" count="3" type="stmt"/>
          <line num="17" count="4" type="stmt"/>
          <line num="18" count="0" type="stmt"/>
          <line num="21" count="4" type="stmt"/>
          <line num="22" count="4" type="stmt"/>
          <line num="23" count="4" type="stmt"/>
        </file>
      </package>
    </metrics>
  </project>
</coverage>
