{"/Users/evenstensberg/Documents/webpack-cli/lib/transformations/defineTest.js": {"path":"/Users/evenstensberg/Documents/webpack-cli/lib/transformations/defineTest.js","statementMap":{"0":{"start":{"line":14,"column":11},"end":{"line":14,"column":24}},"1":{"start":{"line":15,"column":13},"end":{"line":15,"column":28}},"2":{"start":{"line":37,"column":1},"end":{"line":39,"column":2}},"3":{"start":{"line":38,"column":2},"end":{"line":38,"column":33}},"4":{"start":{"line":41,"column":20},"end":{"line":41,"column":58}},"5":{"start":{"line":42,"column":19},"end":{"line":42,"column":70}},"6":{"start":{"line":43,"column":16},"end":{"line":43,"column":50}},"7":{"start":{"line":45,"column":16},"end":{"line":45,"column":66}},"8":{"start":{"line":47,"column":19},"end":{"line":47,"column":59}},"9":{"start":{"line":51,"column":19},"end":{"line":51,"column":51}},"10":{"start":{"line":52,"column":1},"end":{"line":54,"column":2}},"11":{"start":{"line":53,"column":2},"end":{"line":53,"column":54}},"12":{"start":{"line":55,"column":13},"end":{"line":55,"column":32}},"13":{"start":{"line":56,"column":16},"end":{"line":56,"column":73}},"14":{"start":{"line":57,"column":1},"end":{"line":57,"column":34}},"15":{"start":{"line":65,"column":18},"end":{"line":67,"column":26}},"16":{"start":{"line":68,"column":1},"end":{"line":72,"column":4}},"17":{"start":{"line":69,"column":2},"end":{"line":71,"column":5}},"18":{"start":{"line":70,"column":3},"end":{"line":70,"column":51}},"19":{"start":{"line":74,"column":0},"end":{"line":74,"column":28}}},"fnMap":{"0":{"name":"runTest","decl":{"start":{"line":36,"column":9},"end":{"line":36,"column":16}},"loc":{"start":{"line":36,"column":57},"end":{"line":58,"column":1}}},"1":{"name":"defineTest","decl":{"start":{"line":64,"column":9},"end":{"line":64,"column":19}},"loc":{"start":{"line":64,"column":60},"end":{"line":73,"column":1}}},"2":{"name":"(anonymous_2)","decl":{"start":{"line":68,"column":25},"end":{"line":68,"column":26}},"loc":{"start":{"line":68,"column":31},"end":{"line":72,"column":2}}},"3":{"name":"(anonymous_3)","decl":{"start":{"line":69,"column":15},"end":{"line":69,"column":16}},"loc":{"start":{"line":69,"column":21},"end":{"line":71,"column":3}}}},"branchMap":{"0":{"loc":{"start":{"line":37,"column":1},"end":{"line":39,"column":2}},"type":"if","locations":[{"start":{"line":37,"column":1},"end":{"line":39,"column":2}},{"start":{"line":37,"column":1},"end":{"line":39,"column":2}}]},"1":{"loc":{"start":{"line":47,"column":19},"end":{"line":47,"column":59}},"type":"cond-expr","locations":[{"start":{"line":47,"column":36},"end":{"line":47,"column":50}},{"start":{"line":47,"column":53},"end":{"line":47,"column":59}}]},"2":{"loc":{"start":{"line":52,"column":1},"end":{"line":54,"column":2}},"type":"if","locations":[{"start":{"line":52,"column":1},"end":{"line":54,"column":2}},{"start":{"line":52,"column":1},"end":{"line":54,"column":2}}]},"3":{"loc":{"start":{"line":65,"column":18},"end":{"line":67,"column":26}},"type":"cond-expr","locations":[{"start":{"line":66,"column":4},"end":{"line":66,"column":57}},{"start":{"line":67,"column":4},"end":{"line":67,"column":26}}]}},"s":{"0":8,"1":8,"2":25,"3":2,"4":25,"5":25,"6":25,"7":25,"8":25,"9":25,"10":25,"11":0,"12":25,"13":25,"14":25,"15":25,"16":25,"17":25,"18":25,"19":8},"f":{"0":25,"1":25,"2":25,"3":25},"b":{"0":[2,23],"1":[0,25],"2":[0,25],"3":[23,2]},"_coverageSchema":"332fd63041d2c1bcb487cc26dd0d5f7d97098a6c","hash":"1908041b78e29e70db2d6a2c605c875fd6550e6c"}
,"/Users/evenstensberg/Documents/webpack-cli/lib/transformations/index.js": {"path":"/Users/evenstensberg/Documents/webpack-cli/lib/transformations/index.js","statementMap":{"0":{"start":{"line":1,"column":20},"end":{"line":1,"column":42}},"1":{"start":{"line":3,"column":25},"end":{"line":3,"column":53}},"2":{"start":{"line":4,"column":25},"end":{"line":4,"column":53}},"3":{"start":{"line":5,"column":34},"end":{"line":5,"column":80}},"4":{"start":{"line":6,"column":32},"end":{"line":6,"column":74}},"5":{"start":{"line":7,"column":37},"end":{"line":7,"column":89}},"6":{"start":{"line":8,"column":30},"end":{"line":8,"column":68}},"7":{"start":{"line":9,"column":35},"end":{"line":9,"column":83}},"8":{"start":{"line":10,"column":41},"end":{"line":10,"column":101}},"9":{"start":{"line":12,"column":24},"end":{"line":21,"column":1}},"10":{"start":{"line":35,"column":13},"end":{"line":35,"column":32}},"11":{"start":{"line":36,"column":23},"end":{"line":38,"column":12}},"12":{"start":{"line":39,"column":1},"end":{"line":39,"column":86}},"13":{"start":{"line":39,"column":66},"end":{"line":39,"column":84}},"14":{"start":{"line":40,"column":1},"end":{"line":40,"column":46}},"15":{"start":{"line":40,"column":25},"end":{"line":40,"column":44}},"16":{"start":{"line":41,"column":1},"end":{"line":41,"column":36}},"17":{"start":{"line":44,"column":0},"end":{"line":47,"column":2}}},"fnMap":{"0":{"name":"transform","decl":{"start":{"line":34,"column":9},"end":{"line":34,"column":18}},"loc":{"start":{"line":34,"column":48},"end":{"line":42,"column":1}}},"1":{"name":"(anonymous_1)","decl":{"start":{"line":39,"column":61},"end":{"line":39,"column":62}},"loc":{"start":{"line":39,"column":66},"end":{"line":39,"column":84}}},"2":{"name":"(anonymous_2)","decl":{"start":{"line":40,"column":20},"end":{"line":40,"column":21}},"loc":{"start":{"line":40,"column":25},"end":{"line":40,"column":44}}}},"branchMap":{"0":{"loc":{"start":{"line":39,"column":14},"end":{"line":39,"column":85}},"type":"binary-expr","locations":[{"start":{"line":39,"column":14},"end":{"line":39,"column":24}},{"start":{"line":39,"column":28},"end":{"line":39,"column":85}}]}},"s":{"0":1,"1":1,"2":1,"3":1,"4":1,"5":1,"6":1,"7":1,"8":1,"9":1,"10":4,"11":4,"12":4,"13":16,"14":4,"15":17,"16":4,"17":1},"f":{"0":4,"1":16,"2":17},"b":{"0":[4,2]},"_coverageSchema":"332fd63041d2c1bcb487cc26dd0d5f7d97098a6c","hash":"a7f34bef7aaec3cb2ceedac0a16b701f0d344476"}
,"/Users/evenstensberg/Documents/webpack-cli/lib/transformations/utils.js": {"path":"/Users/evenstensberg/Documents/webpack-cli/lib/transformations/utils.js","statementMap":{"0":{"start":{"line":2,"column":11},"end":{"line":2,"column":14}},"1":{"start":{"line":3,"column":11},"end":{"line":3,"column":12}},"2":{"start":{"line":5,"column":1},"end":{"line":11,"column":2}},"3":{"start":{"line":6,"column":2},"end":{"line":8,"column":3}},"4":{"start":{"line":7,"column":3},"end":{"line":7,"column":15}},"5":{"start":{"line":9,"column":2},"end":{"line":9,"column":24}},"6":{"start":{"line":10,"column":2},"end":{"line":10,"column":8}},"7":{"start":{"line":12,"column":1},"end":{"line":12,"column":12}},"8":{"start":{"line":17,"column":1},"end":{"line":19,"column":2}},"9":{"start":{"line":18,"column":2},"end":{"line":18,"column":83}},"10":{"start":{"line":20,"column":1},"end":{"line":20,"column":18}},"11":{"start":{"line":25,"column":1},"end":{"line":36,"column":2}},"12":{"start":{"line":26,"column":2},"end":{"line":26,"column":14}},"13":{"start":{"line":27,"column":8},"end":{"line":36,"column":2}},"14":{"start":{"line":28,"column":2},"end":{"line":28,"column":32}},"15":{"start":{"line":30,"column":16},"end":{"line":30,"column":33}},"16":{"start":{"line":31,"column":15},"end":{"line":31,"column":29}},"17":{"start":{"line":32,"column":2},"end":{"line":35,"column":4}},"18":{"start":{"line":50,"column":1},"end":{"line":56,"column":5}},"19":{"start":{"line":53,"column":3},"end":{"line":55,"column":5}},"20":{"start":{"line":54,"column":14},"end":{"line":54,"column":79}},"21":{"start":{"line":69,"column":1},"end":{"line":69,"column":60}},"22":{"start":{"line":83,"column":1},"end":{"line":87,"column":3}},"23":{"start":{"line":101,"column":18},"end":{"line":101,"column":21}},"24":{"start":{"line":103,"column":1},"end":{"line":110,"column":2}},"25":{"start":{"line":105,"column":2},"end":{"line":105,"column":40}},"26":{"start":{"line":105,"column":22},"end":{"line":105,"column":40}},"27":{"start":{"line":107,"column":2},"end":{"line":107,"column":42}},"28":{"start":{"line":107,"column":23},"end":{"line":107,"column":42}},"29":{"start":{"line":109,"column":2},"end":{"line":109,"column":52}},"30":{"start":{"line":109,"column":27},"end":{"line":109,"column":52}},"31":{"start":{"line":111,"column":1},"end":{"line":111,"column":30}},"32":{"start":{"line":127,"column":28},"end":{"line":127,"column":79}},"33":{"start":{"line":129,"column":1},"end":{"line":133,"column":2}},"34":{"start":{"line":130,"column":2},"end":{"line":132,"column":5}},"35":{"start":{"line":131,"column":3},"end":{"line":131,"column":47}},"36":{"start":{"line":136,"column":1},"end":{"line":183,"column":2}},"37":{"start":{"line":137,"column":2},"end":{"line":172,"column":5}},"38":{"start":{"line":139,"column":3},"end":{"line":171,"column":4}},"39":{"start":{"line":140,"column":17},"end":{"line":140,"column":37}},"40":{"start":{"line":141,"column":4},"end":{"line":170,"column":5}},"41":{"start":{"line":144,"column":24},"end":{"line":146,"column":24}},"42":{"start":{"line":148,"column":5},"end":{"line":163,"column":8}},"43":{"start":{"line":150,"column":28},"end":{"line":152,"column":57}},"44":{"start":{"line":152,"column":23},"end":{"line":152,"column":56}},"45":{"start":{"line":154,"column":6},"end":{"line":162,"column":7}},"46":{"start":{"line":156,"column":7},"end":{"line":158,"column":10}},"47":{"start":{"line":157,"column":8},"end":{"line":157,"column":40}},"48":{"start":{"line":161,"column":7},"end":{"line":161,"column":36}},"49":{"start":{"line":167,"column":5},"end":{"line":169,"column":7}},"50":{"start":{"line":174,"column":23},"end":{"line":174,"column":25}},"51":{"start":{"line":175,"column":2},"end":{"line":177,"column":3}},"52":{"start":{"line":176,"column":3},"end":{"line":176,"column":55}},"53":{"start":{"line":178,"column":31},"end":{"line":181,"column":3}},"54":{"start":{"line":182,"column":2},"end":{"line":182,"column":57}},"55":{"start":{"line":198,"column":24},"end":{"line":200,"column":10}},"56":{"start":{"line":201,"column":1},"end":{"line":201,"column":46}},"57":{"start":{"line":201,"column":34},"end":{"line":201,"column":46}},"58":{"start":{"line":202,"column":1},"end":{"line":202,"column":37}},"59":{"start":{"line":215,"column":1},"end":{"line":215,"column":27}},"60":{"start":{"line":219,"column":1},"end":{"line":224,"column":12}},"61":{"start":{"line":221,"column":16},"end":{"line":221,"column":29}},"62":{"start":{"line":222,"column":3},"end":{"line":223,"column":17}},"63":{"start":{"line":227,"column":0},"end":{"line":237,"column":2}}},"fnMap":{"0":{"name":"safeTraverse","decl":{"start":{"line":1,"column":9},"end":{"line":1,"column":21}},"loc":{"start":{"line":1,"column":34},"end":{"line":13,"column":1}}},"1":{"name":"memberExpressionToPathString","decl":{"start":{"line":16,"column":9},"end":{"line":16,"column":37}},"loc":{"start":{"line":16,"column":44},"end":{"line":21,"column":1}}},"2":{"name":"pathsToMemberExpression","decl":{"start":{"line":24,"column":9},"end":{"line":24,"column":32}},"loc":{"start":{"line":24,"column":43},"end":{"line":37,"column":1}}},"3":{"name":"findPluginsByName","decl":{"start":{"line":49,"column":9},"end":{"line":49,"column":26}},"loc":{"start":{"line":49,"column":54},"end":{"line":57,"column":1}}},"4":{"name":"(anonymous_4)","decl":{"start":{"line":52,"column":10},"end":{"line":52,"column":11}},"loc":{"start":{"line":52,"column":18},"end":{"line":56,"column":3}}},"5":{"name":"(anonymous_5)","decl":{"start":{"line":54,"column":4},"end":{"line":54,"column":5}},"loc":{"start":{"line":54,"column":14},"end":{"line":54,"column":79}}},"6":{"name":"findPluginsRootNodes","decl":{"start":{"line":68,"column":9},"end":{"line":68,"column":29}},"loc":{"start":{"line":68,"column":39},"end":{"line":70,"column":1}}},"7":{"name":"createProperty","decl":{"start":{"line":82,"column":9},"end":{"line":82,"column":23}},"loc":{"start":{"line":82,"column":39},"end":{"line":88,"column":1}}},"8":{"name":"createLiteral","decl":{"start":{"line":100,"column":9},"end":{"line":100,"column":22}},"loc":{"start":{"line":100,"column":31},"end":{"line":112,"column":1}}},"9":{"name":"createOrUpdatePluginByName","decl":{"start":{"line":126,"column":9},"end":{"line":126,"column":35}},"loc":{"start":{"line":126,"column":74},"end":{"line":184,"column":1}}},"10":{"name":"(anonymous_10)","decl":{"start":{"line":130,"column":42},"end":{"line":130,"column":43}},"loc":{"start":{"line":130,"column":49},"end":{"line":132,"column":3}}},"11":{"name":"(anonymous_11)","decl":{"start":{"line":137,"column":29},"end":{"line":137,"column":30}},"loc":{"start":{"line":137,"column":37},"end":{"line":172,"column":3}}},"12":{"name":"(anonymous_12)","decl":{"start":{"line":148,"column":26},"end":{"line":148,"column":27}},"loc":{"start":{"line":148,"column":33},"end":{"line":163,"column":6}}},"13":{"name":"(anonymous_13)","decl":{"start":{"line":152,"column":15},"end":{"line":152,"column":16}},"loc":{"start":{"line":152,"column":23},"end":{"line":152,"column":56}}},"14":{"name":"(anonymous_14)","decl":{"start":{"line":156,"column":29},"end":{"line":156,"column":30}},"loc":{"start":{"line":156,"column":37},"end":{"line":158,"column":8}}},"15":{"name":"findVariableToPlugin","decl":{"start":{"line":197,"column":9},"end":{"line":197,"column":29}},"loc":{"start":{"line":197,"column":61},"end":{"line":203,"column":1}}},"16":{"name":"isType","decl":{"start":{"line":214,"column":9},"end":{"line":214,"column":15}},"loc":{"start":{"line":214,"column":28},"end":{"line":216,"column":1}}},"17":{"name":"findObjWithOneOfKeys","decl":{"start":{"line":218,"column":9},"end":{"line":218,"column":29}},"loc":{"start":{"line":218,"column":44},"end":{"line":225,"column":1}}},"18":{"name":"(anonymous_18)","decl":{"start":{"line":220,"column":10},"end":{"line":220,"column":11}},"loc":{"start":{"line":220,"column":31},"end":{"line":224,"column":3}}}},"branchMap":{"0":{"loc":{"start":{"line":6,"column":2},"end":{"line":8,"column":3}},"type":"if","locations":[{"start":{"line":6,"column":2},"end":{"line":8,"column":3}},{"start":{"line":6,"column":2},"end":{"line":8,"column":3}}]},"1":{"loc":{"start":{"line":17,"column":1},"end":{"line":19,"column":2}},"type":"if","locations":[{"start":{"line":17,"column":1},"end":{"line":19,"column":2}},{"start":{"line":17,"column":1},"end":{"line":19,"column":2}}]},"2":{"loc":{"start":{"line":17,"column":5},"end":{"line":17,"column":24}},"type":"binary-expr","locations":[{"start":{"line":17,"column":5},"end":{"line":17,"column":9}},{"start":{"line":17,"column":13},"end":{"line":17,"column":24}}]},"3":{"loc":{"start":{"line":25,"column":1},"end":{"line":36,"column":2}},"type":"if","locations":[{"start":{"line":25,"column":1},"end":{"line":36,"column":2}},{"start":{"line":25,"column":1},"end":{"line":36,"column":2}}]},"4":{"loc":{"start":{"line":27,"column":8},"end":{"line":36,"column":2}},"type":"if","locations":[{"start":{"line":27,"column":8},"end":{"line":36,"column":2}},{"start":{"line":27,"column":8},"end":{"line":36,"column":2}}]},"5":{"loc":{"start":{"line":103,"column":1},"end":{"line":110,"column":2}},"type":"if","locations":[{"start":{"line":103,"column":1},"end":{"line":110,"column":2}},{"start":{"line":103,"column":1},"end":{"line":110,"column":2}}]},"6":{"loc":{"start":{"line":105,"column":2},"end":{"line":105,"column":40}},"type":"if","locations":[{"start":{"line":105,"column":2},"end":{"line":105,"column":40}},{"start":{"line":105,"column":2},"end":{"line":105,"column":40}}]},"7":{"loc":{"start":{"line":107,"column":2},"end":{"line":107,"column":42}},"type":"if","locations":[{"start":{"line":107,"column":2},"end":{"line":107,"column":42}},{"start":{"line":107,"column":2},"end":{"line":107,"column":42}}]},"8":{"loc":{"start":{"line":109,"column":2},"end":{"line":109,"column":52}},"type":"if","locations":[{"start":{"line":109,"column":2},"end":{"line":109,"column":52}},{"start":{"line":109,"column":2},"end":{"line":109,"column":52}}]},"9":{"loc":{"start":{"line":129,"column":1},"end":{"line":133,"column":2}},"type":"if","locations":[{"start":{"line":129,"column":1},"end":{"line":133,"column":2}},{"start":{"line":129,"column":1},"end":{"line":133,"column":2}}]},"10":{"loc":{"start":{"line":136,"column":1},"end":{"line":183,"column":2}},"type":"if","locations":[{"start":{"line":136,"column":1},"end":{"line":183,"column":2}},{"start":{"line":136,"column":1},"end":{"line":183,"column":2}}]},"11":{"loc":{"start":{"line":139,"column":3},"end":{"line":171,"column":4}},"type":"if","locations":[{"start":{"line":139,"column":3},"end":{"line":171,"column":4}},{"start":{"line":139,"column":3},"end":{"line":171,"column":4}}]},"12":{"loc":{"start":{"line":141,"column":4},"end":{"line":170,"column":5}},"type":"if","locations":[{"start":{"line":141,"column":4},"end":{"line":170,"column":5}},{"start":{"line":141,"column":4},"end":{"line":170,"column":5}}]},"13":{"loc":{"start":{"line":154,"column":6},"end":{"line":162,"column":7}},"type":"if","locations":[{"start":{"line":154,"column":6},"end":{"line":162,"column":7}},{"start":{"line":154,"column":6},"end":{"line":162,"column":7}}]},"14":{"loc":{"start":{"line":175,"column":2},"end":{"line":177,"column":3}},"type":"if","locations":[{"start":{"line":175,"column":2},"end":{"line":177,"column":3}},{"start":{"line":175,"column":2},"end":{"line":177,"column":3}}]},"15":{"loc":{"start":{"line":201,"column":1},"end":{"line":201,"column":46}},"type":"if","locations":[{"start":{"line":201,"column":1},"end":{"line":201,"column":46}},{"start":{"line":201,"column":1},"end":{"line":201,"column":46}}]},"16":{"loc":{"start":{"line":222,"column":10},"end":{"line":223,"column":16}},"type":"binary-expr","locations":[{"start":{"line":222,"column":10},"end":{"line":222,"column":37}},{"start":{"line":223,"column":7},"end":{"line":223,"column":16}}]}},"s":{"0":75,"1":75,"2":75,"3":360,"4":7,"5":353,"6":353,"7":68,"8":150,"9":93,"10":57,"11":12,"12":0,"13":12,"14":8,"15":4,"16":4,"17":4,"18":32,"19":49,"20":57,"21":2,"22":31,"23":64,"24":64,"25":52,"26":1,"27":52,"28":0,"29":52,"30":0,"31":64,"32":9,"33":9,"34":8,"35":12,"36":9,"37":5,"38":5,"39":5,"40":5,"41":4,"42":4,"43":6,"44":6,"45":6,"46":1,"47":1,"48":5,"49":1,"50":4,"51":4,"52":3,"53":4,"54":4,"55":4,"56":4,"57":2,"58":2,"59":2,"60":133,"61":244,"62":244,"63":8},"f":{"0":75,"1":150,"2":12,"3":32,"4":49,"5":57,"6":2,"7":31,"8":64,"9":9,"10":12,"11":5,"12":6,"13":6,"14":1,"15":4,"16":2,"17":133,"18":244},"b":{"0":[7,353],"1":[93,57],"2":[150,150],"3":[0,12],"4":[8,4],"5":[52,12],"6":[1,51],"7":[0,52],"8":[0,52],"9":[8,1],"10":[5,4],"11":[5,0],"12":[4,1],"13":[1,5],"14":[3,1],"15":[2,2],"16":[244,231]},"_coverageSchema":"332fd63041d2c1bcb487cc26dd0d5f7d97098a6c","hash":"4595b72d0e3e4b0a76fa611a8bfeae1244a9845f"}
,"/Users/evenstensberg/Documents/webpack-cli/lib/transformations/bannerPlugin/bannerPlugin.js": {"path":"/Users/evenstensberg/Documents/webpack-cli/lib/transformations/bannerPlugin/bannerPlugin.js","statementMap":{"0":{"start":{"line":1,"column":14},"end":{"line":1,"column":33}},"1":{"start":{"line":3,"column":0},"end":{"line":19,"column":2}},"2":{"start":{"line":4,"column":1},"end":{"line":16,"column":5}},"3":{"start":{"line":6,"column":16},"end":{"line":6,"column":36}},"4":{"start":{"line":9,"column":3},"end":{"line":15,"column":4}},"5":{"start":{"line":11,"column":4},"end":{"line":11,"column":53}},"6":{"start":{"line":12,"column":4},"end":{"line":14,"column":7}}},"fnMap":{"0":{"name":"(anonymous_0)","decl":{"start":{"line":3,"column":17},"end":{"line":3,"column":18}},"loc":{"start":{"line":3,"column":34},"end":{"line":19,"column":1}}},"1":{"name":"(anonymous_1)","decl":{"start":{"line":5,"column":11},"end":{"line":5,"column":12}},"loc":{"start":{"line":5,"column":19},"end":{"line":16,"column":3}}}},"branchMap":{"0":{"loc":{"start":{"line":9,"column":3},"end":{"line":15,"column":4}},"type":"if","locations":[{"start":{"line":9,"column":3},"end":{"line":15,"column":4}},{"start":{"line":9,"column":3},"end":{"line":15,"column":4}}]},"1":{"loc":{"start":{"line":9,"column":7},"end":{"line":9,"column":65}},"type":"binary-expr","locations":[{"start":{"line":9,"column":7},"end":{"line":9,"column":11}},{"start":{"line":9,"column":15},"end":{"line":9,"column":30}},{"start":{"line":9,"column":34},"end":{"line":9,"column":65}}]}},"s":{"0":2,"1":2,"2":5,"3":2,"4":2,"5":1,"6":1},"f":{"0":5,"1":2},"b":{"0":[1,1],"1":[2,2,1]},"_coverageSchema":"332fd63041d2c1bcb487cc26dd0d5f7d97098a6c","hash":"228fc2cff6c6e26efbc07bfac0299d4221ab7248"}
,"/Users/evenstensberg/Documents/webpack-cli/lib/transformations/extractTextPlugin/extractTextPlugin.js": {"path":"/Users/evenstensberg/Documents/webpack-cli/lib/transformations/extractTextPlugin/extractTextPlugin.js","statementMap":{"0":{"start":{"line":1,"column":14},"end":{"line":1,"column":33}},"1":{"start":{"line":4,"column":1},"end":{"line":6,"column":69}},"2":{"start":{"line":6,"column":15},"end":{"line":6,"column":56}},"3":{"start":{"line":9,"column":0},"end":{"line":30,"column":2}},"4":{"start":{"line":10,"column":25},"end":{"line":23,"column":2}},"5":{"start":{"line":11,"column":15},"end":{"line":11,"column":32}},"6":{"start":{"line":15,"column":22},"end":{"line":15,"column":66}},"7":{"start":{"line":15,"column":39},"end":{"line":15,"column":65}},"8":{"start":{"line":16,"column":2},"end":{"line":21,"column":3}},"9":{"start":{"line":17,"column":19},"end":{"line":19,"column":5}},"10":{"start":{"line":18,"column":4},"end":{"line":18,"column":69}},"11":{"start":{"line":20,"column":3},"end":{"line":20,"column":33}},"12":{"start":{"line":22,"column":2},"end":{"line":22,"column":11}},"13":{"start":{"line":24,"column":14},"end":{"line":24,"column":79}},"14":{"start":{"line":25,"column":1},"end":{"line":25,"column":22}},"15":{"start":{"line":25,"column":11},"end":{"line":25,"column":22}},"16":{"start":{"line":27,"column":1},"end":{"line":29,"column":34}},"17":{"start":{"line":28,"column":15},"end":{"line":28,"column":41}}},"fnMap":{"0":{"name":"findInvocation","decl":{"start":{"line":3,"column":9},"end":{"line":3,"column":23}},"loc":{"start":{"line":3,"column":45},"end":{"line":7,"column":1}}},"1":{"name":"(anonymous_1)","decl":{"start":{"line":6,"column":10},"end":{"line":6,"column":11}},"loc":{"start":{"line":6,"column":15},"end":{"line":6,"column":56}}},"2":{"name":"(anonymous_2)","decl":{"start":{"line":9,"column":17},"end":{"line":9,"column":18}},"loc":{"start":{"line":9,"column":34},"end":{"line":30,"column":1}}},"3":{"name":"(anonymous_3)","decl":{"start":{"line":10,"column":25},"end":{"line":10,"column":26}},"loc":{"start":{"line":10,"column":37},"end":{"line":23,"column":2}}},"4":{"name":"(anonymous_4)","decl":{"start":{"line":15,"column":34},"end":{"line":15,"column":35}},"loc":{"start":{"line":15,"column":39},"end":{"line":15,"column":65}}},"5":{"name":"(anonymous_5)","decl":{"start":{"line":17,"column":54},"end":{"line":17,"column":55}},"loc":{"start":{"line":18,"column":4},"end":{"line":18,"column":69}}},"6":{"name":"(anonymous_6)","decl":{"start":{"line":28,"column":10},"end":{"line":28,"column":11}},"loc":{"start":{"line":28,"column":15},"end":{"line":28,"column":41}}}},"branchMap":{"0":{"loc":{"start":{"line":16,"column":2},"end":{"line":21,"column":3}},"type":"if","locations":[{"start":{"line":16,"column":2},"end":{"line":21,"column":3}},{"start":{"line":16,"column":2},"end":{"line":21,"column":3}}]},"1":{"loc":{"start":{"line":16,"column":6},"end":{"line":16,"column":43}},"type":"binary-expr","locations":[{"start":{"line":16,"column":6},"end":{"line":16,"column":17}},{"start":{"line":16,"column":21},"end":{"line":16,"column":43}}]},"2":{"loc":{"start":{"line":18,"column":28},"end":{"line":18,"column":59}},"type":"cond-expr","locations":[{"start":{"line":18,"column":42},"end":{"line":18,"column":52}},{"start":{"line":18,"column":54},"end":{"line":18,"column":59}}]},"3":{"loc":{"start":{"line":25,"column":1},"end":{"line":25,"column":22}},"type":"if","locations":[{"start":{"line":25,"column":1},"end":{"line":25,"column":22}},{"start":{"line":25,"column":1},"end":{"line":25,"column":22}}]}},"s":{"0":2,"1":3,"2":1,"3":2,"4":3,"5":1,"6":1,"7":2,"8":1,"9":1,"10":2,"11":1,"12":1,"13":3,"14":3,"15":2,"16":1,"17":3},"f":{"0":3,"1":1,"2":3,"3":1,"4":2,"5":2,"6":3},"b":{"0":[1,0],"1":[1,1],"2":[1,1],"3":[2,1]},"_coverageSchema":"332fd63041d2c1bcb487cc26dd0d5f7d97098a6c","hash":"22031a5698b7deae04a2067ae210f16d5facf7b0"}
,"/Users/evenstensberg/Documents/webpack-cli/lib/transformations/loaderOptionsPlugin/loaderOptionsPlugin.js": {"path":"/Users/evenstensberg/Documents/webpack-cli/lib/transformations/loaderOptionsPlugin/loaderOptionsPlugin.js","statementMap":{"0":{"start":{"line":1,"column":16},"end":{"line":1,"column":41}},"1":{"start":{"line":2,"column":26},"end":{"line":2,"column":63}},"2":{"start":{"line":3,"column":35},"end":{"line":3,"column":81}},"3":{"start":{"line":5,"column":0},"end":{"line":27,"column":2}},"4":{"start":{"line":6,"column":23},"end":{"line":6,"column":25}},"5":{"start":{"line":11,"column":1},"end":{"line":13,"column":2}},"6":{"start":{"line":12,"column":2},"end":{"line":12,"column":29}},"7":{"start":{"line":16,"column":1},"end":{"line":18,"column":2}},"8":{"start":{"line":17,"column":2},"end":{"line":17,"column":32}},"9":{"start":{"line":20,"column":1},"end":{"line":26,"column":5}},"10":{"start":{"line":22,"column":18},"end":{"line":22,"column":58}},"11":{"start":{"line":24,"column":3},"end":{"line":25,"column":94}}},"fnMap":{"0":{"name":"(anonymous_0)","decl":{"start":{"line":5,"column":17},"end":{"line":5,"column":18}},"loc":{"start":{"line":5,"column":34},"end":{"line":27,"column":1}}},"1":{"name":"(anonymous_1)","decl":{"start":{"line":22,"column":10},"end":{"line":22,"column":11}},"loc":{"start":{"line":22,"column":18},"end":{"line":22,"column":58}}},"2":{"name":"(anonymous_2)","decl":{"start":{"line":23,"column":11},"end":{"line":23,"column":12}},"loc":{"start":{"line":23,"column":19},"end":{"line":26,"column":3}}}},"branchMap":{"0":{"loc":{"start":{"line":11,"column":1},"end":{"line":13,"column":2}},"type":"if","locations":[{"start":{"line":11,"column":1},"end":{"line":13,"column":2}},{"start":{"line":11,"column":1},"end":{"line":13,"column":2}}]},"1":{"loc":{"start":{"line":16,"column":1},"end":{"line":18,"column":2}},"type":"if","locations":[{"start":{"line":16,"column":1},"end":{"line":18,"column":2}},{"start":{"line":16,"column":1},"end":{"line":18,"column":2}}]},"2":{"loc":{"start":{"line":24,"column":3},"end":{"line":25,"column":93}},"type":"binary-expr","locations":[{"start":{"line":24,"column":3},"end":{"line":24,"column":26}},{"start":{"line":25,"column":3},"end":{"line":25,"column":93}}]}},"s":{"0":2,"1":2,"2":2,"3":2,"4":5,"5":5,"6":3,"7":5,"8":3,"9":5,"10":11,"11":5},"f":{"0":5,"1":11,"2":5},"b":{"0":[3,2],"1":[3,2],"2":[5,3]},"_coverageSchema":"332fd63041d2c1bcb487cc26dd0d5f7d97098a6c","hash":"1d3965c3cc4d1b4b41a335bdf2cef6048188a869"}
,"/Users/evenstensberg/Documents/webpack-cli/lib/transformations/loaders/loaders.js": {"path":"/Users/evenstensberg/Documents/webpack-cli/lib/transformations/loaders/loaders.js","statementMap":{"0":{"start":{"line":1,"column":14},"end":{"line":1,"column":33}},"1":{"start":{"line":3,"column":0},"end":{"line":137,"column":2}},"2":{"start":{"line":5,"column":31},"end":{"line":13,"column":2}},"3":{"start":{"line":6,"column":13},"end":{"line":9,"column":6}},"4":{"start":{"line":7,"column":15},"end":{"line":9,"column":5}},"5":{"start":{"line":10,"column":20},"end":{"line":10,"column":43}},"6":{"start":{"line":11,"column":2},"end":{"line":11,"column":36}},"7":{"start":{"line":12,"column":2},"end":{"line":12,"column":11}},"8":{"start":{"line":15,"column":31},"end":{"line":30,"column":2}},"9":{"start":{"line":16,"column":19},"end":{"line":16,"column":37}},"10":{"start":{"line":17,"column":20},"end":{"line":18,"column":82}},"11":{"start":{"line":18,"column":26},"end":{"line":18,"column":77}},"12":{"start":{"line":19,"column":15},"end":{"line":19,"column":40}},"13":{"start":{"line":20,"column":14},"end":{"line":20,"column":39}},"14":{"start":{"line":21,"column":16},"end":{"line":26,"column":4}},"15":{"start":{"line":22,"column":17},"end":{"line":22,"column":34}},"16":{"start":{"line":23,"column":15},"end":{"line":23,"column":23}},"17":{"start":{"line":24,"column":15},"end":{"line":24,"column":31}},"18":{"start":{"line":25,"column":3},"end":{"line":25,"column":72}},"19":{"start":{"line":27,"column":19},"end":{"line":27,"column":60}},"20":{"start":{"line":28,"column":18},"end":{"line":28,"column":90}},"21":{"start":{"line":29,"column":2},"end":{"line":29,"column":53}},"22":{"start":{"line":32,"column":35},"end":{"line":39,"column":2}},"23":{"start":{"line":33,"column":2},"end":{"line":38,"column":13}},"24":{"start":{"line":35,"column":4},"end":{"line":37,"column":18}},"25":{"start":{"line":41,"column":24},"end":{"line":42,"column":69}},"26":{"start":{"line":41,"column":29},"end":{"line":42,"column":69}},"27":{"start":{"line":44,"column":24},"end":{"line":71,"column":2}},"28":{"start":{"line":46,"column":2},"end":{"line":51,"column":5}},"29":{"start":{"line":47,"column":19},"end":{"line":47,"column":32}},"30":{"start":{"line":48,"column":3},"end":{"line":50,"column":4}},"31":{"start":{"line":49,"column":4},"end":{"line":49,"column":25}},"32":{"start":{"line":52,"column":2},"end":{"line":66,"column":5}},"33":{"start":{"line":53,"column":19},"end":{"line":53,"column":32}},"34":{"start":{"line":54,"column":3},"end":{"line":65,"column":4}},"35":{"start":{"line":55,"column":23},"end":{"line":55,"column":64}},"36":{"start":{"line":57,"column":4},"end":{"line":64,"column":7}},"37":{"start":{"line":58,"column":5},"end":{"line":58,"column":74}},"38":{"start":{"line":59,"column":5},"end":{"line":63,"column":6}},"39":{"start":{"line":60,"column":6},"end":{"line":60,"column":34}},"40":{"start":{"line":62,"column":6},"end":{"line":62,"column":32}},"41":{"start":{"line":67,"column":2},"end":{"line":69,"column":3}},"42":{"start":{"line":68,"column":3},"end":{"line":68,"column":87}},"43":{"start":{"line":68,"column":58},"end":{"line":68,"column":85}},"44":{"start":{"line":70,"column":2},"end":{"line":70,"column":11}},"45":{"start":{"line":73,"column":24},"end":{"line":76,"column":38}},"46":{"start":{"line":73,"column":30},"end":{"line":76,"column":38}},"47":{"start":{"line":75,"column":15},"end":{"line":75,"column":75}},"48":{"start":{"line":76,"column":16},"end":{"line":76,"column":37}},"49":{"start":{"line":78,"column":24},"end":{"line":81,"column":39}},"50":{"start":{"line":78,"column":30},"end":{"line":81,"column":39}},"51":{"start":{"line":81,"column":16},"end":{"line":81,"column":38}},"52":{"start":{"line":83,"column":21},"end":{"line":90,"column":37}},"53":{"start":{"line":83,"column":27},"end":{"line":90,"column":37}},"54":{"start":{"line":86,"column":3},"end":{"line":88,"column":82}},"55":{"start":{"line":90,"column":16},"end":{"line":90,"column":36}},"56":{"start":{"line":92,"column":24},"end":{"line":99,"column":33}},"57":{"start":{"line":92,"column":30},"end":{"line":99,"column":33}},"58":{"start":{"line":95,"column":3},"end":{"line":97,"column":50}},"59":{"start":{"line":101,"column":30},"end":{"line":105,"column":37}},"60":{"start":{"line":101,"column":36},"end":{"line":105,"column":37}},"61":{"start":{"line":103,"column":15},"end":{"line":103,"column":54}},"62":{"start":{"line":107,"column":29},"end":{"line":110,"column":39}},"63":{"start":{"line":107,"column":35},"end":{"line":110,"column":39}},"64":{"start":{"line":109,"column":15},"end":{"line":109,"column":39}},"65":{"start":{"line":112,"column":25},"end":{"line":123,"column":13}},"66":{"start":{"line":112,"column":31},"end":{"line":123,"column":13}},"67":{"start":{"line":115,"column":3},"end":{"line":121,"column":6}},"68":{"start":{"line":116,"column":4},"end":{"line":120,"column":5}},"69":{"start":{"line":119,"column":5},"end":{"line":119,"column":58}},"70":{"start":{"line":125,"column":20},"end":{"line":133,"column":2}},"71":{"start":{"line":134,"column":1},"end":{"line":134,"column":30}},"72":{"start":{"line":134,"column":25},"end":{"line":134,"column":28}},"73":{"start":{"line":136,"column":1},"end":{"line":136,"column":12}}},"fnMap":{"0":{"name":"(anonymous_0)","decl":{"start":{"line":3,"column":17},"end":{"line":3,"column":18}},"loc":{"start":{"line":3,"column":34},"end":{"line":137,"column":1}}},"1":{"name":"(anonymous_1)","decl":{"start":{"line":5,"column":31},"end":{"line":5,"column":32}},"loc":{"start":{"line":5,"column":43},"end":{"line":13,"column":2}}},"2":{"name":"(anonymous_2)","decl":{"start":{"line":7,"column":8},"end":{"line":7,"column":9}},"loc":{"start":{"line":7,"column":15},"end":{"line":9,"column":5}}},"3":{"name":"(anonymous_3)","decl":{"start":{"line":15,"column":31},"end":{"line":15,"column":32}},"loc":{"start":{"line":15,"column":36},"end":{"line":30,"column":2}}},"4":{"name":"(anonymous_4)","decl":{"start":{"line":18,"column":11},"end":{"line":18,"column":12}},"loc":{"start":{"line":18,"column":26},"end":{"line":18,"column":77}}},"5":{"name":"(anonymous_5)","decl":{"start":{"line":21,"column":37},"end":{"line":21,"column":38}},"loc":{"start":{"line":21,"column":47},"end":{"line":26,"column":3}}},"6":{"name":"(anonymous_6)","decl":{"start":{"line":32,"column":35},"end":{"line":32,"column":36}},"loc":{"start":{"line":32,"column":40},"end":{"line":39,"column":2}}},"7":{"name":"(anonymous_7)","decl":{"start":{"line":34,"column":11},"end":{"line":34,"column":12}},"loc":{"start":{"line":34,"column":32},"end":{"line":38,"column":4}}},"8":{"name":"(anonymous_8)","decl":{"start":{"line":41,"column":24},"end":{"line":41,"column":25}},"loc":{"start":{"line":41,"column":29},"end":{"line":42,"column":69}}},"9":{"name":"(anonymous_9)","decl":{"start":{"line":44,"column":24},"end":{"line":44,"column":25}},"loc":{"start":{"line":44,"column":29},"end":{"line":71,"column":2}}},"10":{"name":"(anonymous_10)","decl":{"start":{"line":46,"column":25},"end":{"line":46,"column":26}},"loc":{"start":{"line":46,"column":33},"end":{"line":51,"column":3}}},"11":{"name":"(anonymous_11)","decl":{"start":{"line":52,"column":25},"end":{"line":52,"column":26}},"loc":{"start":{"line":52,"column":33},"end":{"line":66,"column":3}}},"12":{"name":"(anonymous_12)","decl":{"start":{"line":57,"column":28},"end":{"line":57,"column":29}},"loc":{"start":{"line":57,"column":36},"end":{"line":64,"column":5}}},"13":{"name":"(anonymous_13)","decl":{"start":{"line":68,"column":50},"end":{"line":68,"column":51}},"loc":{"start":{"line":68,"column":58},"end":{"line":68,"column":85}}},"14":{"name":"(anonymous_14)","decl":{"start":{"line":73,"column":24},"end":{"line":73,"column":25}},"loc":{"start":{"line":73,"column":30},"end":{"line":76,"column":38}}},"15":{"name":"(anonymous_15)","decl":{"start":{"line":75,"column":10},"end":{"line":75,"column":11}},"loc":{"start":{"line":75,"column":15},"end":{"line":75,"column":75}}},"16":{"name":"(anonymous_16)","decl":{"start":{"line":76,"column":11},"end":{"line":76,"column":12}},"loc":{"start":{"line":76,"column":16},"end":{"line":76,"column":37}}},"17":{"name":"(anonymous_17)","decl":{"start":{"line":78,"column":24},"end":{"line":78,"column":25}},"loc":{"start":{"line":78,"column":30},"end":{"line":81,"column":39}}},"18":{"name":"(anonymous_18)","decl":{"start":{"line":81,"column":11},"end":{"line":81,"column":12}},"loc":{"start":{"line":81,"column":16},"end":{"line":81,"column":38}}},"19":{"name":"(anonymous_19)","decl":{"start":{"line":83,"column":21},"end":{"line":83,"column":22}},"loc":{"start":{"line":83,"column":27},"end":{"line":90,"column":37}}},"20":{"name":"(anonymous_20)","decl":{"start":{"line":85,"column":10},"end":{"line":85,"column":11}},"loc":{"start":{"line":85,"column":15},"end":{"line":89,"column":3}}},"21":{"name":"(anonymous_21)","decl":{"start":{"line":90,"column":11},"end":{"line":90,"column":12}},"loc":{"start":{"line":90,"column":16},"end":{"line":90,"column":36}}},"22":{"name":"(anonymous_22)","decl":{"start":{"line":92,"column":24},"end":{"line":92,"column":25}},"loc":{"start":{"line":92,"column":30},"end":{"line":99,"column":33}}},"23":{"name":"(anonymous_23)","decl":{"start":{"line":94,"column":10},"end":{"line":94,"column":11}},"loc":{"start":{"line":94,"column":15},"end":{"line":98,"column":3}}},"24":{"name":"(anonymous_24)","decl":{"start":{"line":101,"column":30},"end":{"line":101,"column":31}},"loc":{"start":{"line":101,"column":36},"end":{"line":105,"column":37}}},"25":{"name":"(anonymous_25)","decl":{"start":{"line":103,"column":10},"end":{"line":103,"column":11}},"loc":{"start":{"line":103,"column":15},"end":{"line":103,"column":54}}},"26":{"name":"(anonymous_26)","decl":{"start":{"line":107,"column":29},"end":{"line":107,"column":30}},"loc":{"start":{"line":107,"column":35},"end":{"line":110,"column":39}}},"27":{"name":"(anonymous_27)","decl":{"start":{"line":109,"column":10},"end":{"line":109,"column":11}},"loc":{"start":{"line":109,"column":15},"end":{"line":109,"column":39}}},"28":{"name":"(anonymous_28)","decl":{"start":{"line":112,"column":25},"end":{"line":112,"column":26}},"loc":{"start":{"line":112,"column":31},"end":{"line":123,"column":13}}},"29":{"name":"(anonymous_29)","decl":{"start":{"line":114,"column":11},"end":{"line":114,"column":12}},"loc":{"start":{"line":114,"column":19},"end":{"line":122,"column":3}}},"30":{"name":"(anonymous_30)","decl":{"start":{"line":115,"column":33},"end":{"line":115,"column":34}},"loc":{"start":{"line":115,"column":41},"end":{"line":121,"column":4}}},"31":{"name":"(anonymous_31)","decl":{"start":{"line":134,"column":20},"end":{"line":134,"column":21}},"loc":{"start":{"line":134,"column":25},"end":{"line":134,"column":28}}}},"branchMap":{"0":{"loc":{"start":{"line":18,"column":26},"end":{"line":18,"column":77}},"type":"cond-expr","locations":[{"start":{"line":18,"column":55},"end":{"line":18,"column":71}},{"start":{"line":18,"column":74},"end":{"line":18,"column":77}}]},"1":{"loc":{"start":{"line":24,"column":15},"end":{"line":24,"column":31}},"type":"binary-expr","locations":[{"start":{"line":24,"column":15},"end":{"line":24,"column":23}},{"start":{"line":24,"column":27},"end":{"line":24,"column":31}}]},"2":{"loc":{"start":{"line":35,"column":11},"end":{"line":37,"column":17}},"type":"binary-expr","locations":[{"start":{"line":35,"column":11},"end":{"line":35,"column":66}},{"start":{"line":36,"column":8},"end":{"line":36,"column":42}},{"start":{"line":37,"column":8},"end":{"line":37,"column":17}}]},"3":{"loc":{"start":{"line":41,"column":29},"end":{"line":42,"column":69}},"type":"binary-expr","locations":[{"start":{"line":41,"column":29},"end":{"line":41,"column":55}},{"start":{"line":41,"column":59},"end":{"line":42,"column":69}}]},"4":{"loc":{"start":{"line":48,"column":3},"end":{"line":50,"column":4}},"type":"if","locations":[{"start":{"line":48,"column":3},"end":{"line":50,"column":4}},{"start":{"line":48,"column":3},"end":{"line":50,"column":4}}]},"5":{"loc":{"start":{"line":54,"column":3},"end":{"line":65,"column":4}},"type":"if","locations":[{"start":{"line":54,"column":3},"end":{"line":65,"column":4}},{"start":{"line":54,"column":3},"end":{"line":65,"column":4}}]},"6":{"loc":{"start":{"line":55,"column":23},"end":{"line":55,"column":64}},"type":"cond-expr","locations":[{"start":{"line":55,"column":50},"end":{"line":55,"column":55}},{"start":{"line":55,"column":58},"end":{"line":55,"column":64}}]},"7":{"loc":{"start":{"line":59,"column":5},"end":{"line":63,"column":6}},"type":"if","locations":[{"start":{"line":59,"column":5},"end":{"line":63,"column":6}},{"start":{"line":59,"column":5},"end":{"line":63,"column":6}}]},"8":{"loc":{"start":{"line":59,"column":9},"end":{"line":59,"column":54}},"type":"binary-expr","locations":[{"start":{"line":59,"column":9},"end":{"line":59,"column":16}},{"start":{"line":59,"column":20},"end":{"line":59,"column":54}}]},"9":{"loc":{"start":{"line":67,"column":2},"end":{"line":69,"column":3}},"type":"if","locations":[{"start":{"line":67,"column":2},"end":{"line":69,"column":3}},{"start":{"line":67,"column":2},"end":{"line":69,"column":3}}]},"10":{"loc":{"start":{"line":86,"column":10},"end":{"line":88,"column":81}},"type":"binary-expr","locations":[{"start":{"line":86,"column":11},"end":{"line":86,"column":37}},{"start":{"line":86,"column":41},"end":{"line":86,"column":66}},{"start":{"line":87,"column":7},"end":{"line":88,"column":81}}]},"11":{"loc":{"start":{"line":95,"column":10},"end":{"line":97,"column":49}},"type":"binary-expr","locations":[{"start":{"line":95,"column":10},"end":{"line":95,"column":32}},{"start":{"line":96,"column":7},"end":{"line":96,"column":45}},{"start":{"line":97,"column":7},"end":{"line":97,"column":49}}]},"12":{"loc":{"start":{"line":116,"column":4},"end":{"line":120,"column":5}},"type":"if","locations":[{"start":{"line":116,"column":4},"end":{"line":120,"column":5}},{"start":{"line":116,"column":4},"end":{"line":120,"column":5}}]},"13":{"loc":{"start":{"line":116,"column":8},"end":{"line":118,"column":50}},"type":"binary-expr","locations":[{"start":{"line":116,"column":9},"end":{"line":116,"column":35}},{"start":{"line":116,"column":39},"end":{"line":116,"column":62}},{"start":{"line":117,"column":8},"end":{"line":117,"column":52}},{"start":{"line":118,"column":8},"end":{"line":118,"column":50}}]}},"s":{"0":2,"1":2,"2":10,"3":2,"4":4,"5":2,"6":2,"7":2,"8":10,"9":0,"10":0,"11":0,"12":0,"13":0,"14":0,"15":0,"16":0,"17":0,"18":0,"19":0,"20":0,"21":0,"22":10,"23":4,"24":6,"25":10,"26":161,"27":10,"28":8,"29":12,"30":12,"31":4,"32":8,"33":12,"34":12,"35":8,"36":8,"37":8,"38":8,"39":4,"40":4,"41":8,"42":4,"43":8,"44":8,"45":10,"46":10,"47":64,"48":8,"49":10,"50":10,"51":16,"52":10,"53":10,"54":161,"55":20,"56":10,"57":10,"58":161,"59":10,"60":10,"61":68,"62":10,"63":10,"64":161,"65":10,"66":10,"67":68,"68":125,"69":9,"70":10,"71":10,"72":70,"73":10},"f":{"0":10,"1":2,"2":4,"3":0,"4":0,"5":0,"6":4,"7":6,"8":161,"9":8,"10":12,"11":12,"12":8,"13":8,"14":10,"15":64,"16":8,"17":10,"18":16,"19":10,"20":161,"21":20,"22":10,"23":161,"24":10,"25":68,"26":10,"27":161,"28":10,"29":68,"30":125,"31":70},"b":{"0":[0,0],"1":[0,0],"2":[6,4,6],"3":[161,21],"4":[4,8],"5":[8,4],"6":[4,4],"7":[4,4],"8":[8,4],"9":[4,4],"10":[161,156,24],"11":[161,20,15],"12":[9,116],"13":[125,121,24,17]},"_coverageSchema":"332fd63041d2c1bcb487cc26dd0d5f7d97098a6c","hash":"94f0cc15d399c9f7421821af121fb6f51ad1f179"}
,"/Users/evenstensberg/Documents/webpack-cli/lib/transformations/removeDeprecatedPlugins/removeDeprecatedPlugins.js": {"path":"/Users/evenstensberg/Documents/webpack-cli/lib/transformations/removeDeprecatedPlugins/removeDeprecatedPlugins.js","statementMap":{"0":{"start":{"line":1,"column":26},"end":{"line":1,"column":63}},"1":{"start":{"line":3,"column":0},"end":{"line":21,"column":2}},"2":{"start":{"line":6,"column":32},"end":{"line":9,"column":2}},"3":{"start":{"line":11,"column":1},"end":{"line":20,"column":5}},"4":{"start":{"line":15,"column":3},"end":{"line":19,"column":4}},"5":{"start":{"line":16,"column":4},"end":{"line":16,"column":35}},"6":{"start":{"line":18,"column":4},"end":{"line":18,"column":21}}},"fnMap":{"0":{"name":"(anonymous_0)","decl":{"start":{"line":3,"column":17},"end":{"line":3,"column":18}},"loc":{"start":{"line":3,"column":34},"end":{"line":21,"column":1}}},"1":{"name":"(anonymous_1)","decl":{"start":{"line":12,"column":11},"end":{"line":12,"column":12}},"loc":{"start":{"line":12,"column":19},"end":{"line":20,"column":3}}}},"branchMap":{"0":{"loc":{"start":{"line":15,"column":3},"end":{"line":19,"column":4}},"type":"if","locations":[{"start":{"line":15,"column":3},"end":{"line":19,"column":4}},{"start":{"line":15,"column":3},"end":{"line":19,"column":4}}]}},"s":{"0":2,"1":2,"2":5,"3":5,"4":6,"5":2,"6":4},"f":{"0":5,"1":6},"b":{"0":[2,4]},"_coverageSchema":"332fd63041d2c1bcb487cc26dd0d5f7d97098a6c","hash":"466ebf5cc17c93caf8d3e3e87f05bd0cc9d6bae4"}
,"/Users/evenstensberg/Documents/webpack-cli/lib/transformations/removeJsonLoader/removeJsonLoader.js": {"path":"/Users/evenstensberg/Documents/webpack-cli/lib/transformations/removeJsonLoader/removeJsonLoader.js","statementMap":{"0":{"start":{"line":1,"column":0},"end":{"line":48,"column":2}},"1":{"start":{"line":3,"column":2},"end":{"line":3,"column":56}},"2":{"start":{"line":7,"column":22},"end":{"line":7,"column":38}},"3":{"start":{"line":8,"column":2},"end":{"line":33,"column":3}},"4":{"start":{"line":10,"column":17},"end":{"line":10,"column":55}},"5":{"start":{"line":10,"column":47},"end":{"line":10,"column":54}},"6":{"start":{"line":11,"column":23},"end":{"line":11,"column":44}},"7":{"start":{"line":12,"column":3},"end":{"line":17,"column":4}},"8":{"start":{"line":14,"column":4},"end":{"line":14,"column":35}},"9":{"start":{"line":16,"column":4},"end":{"line":16,"column":48}},"10":{"start":{"line":20,"column":3},"end":{"line":22,"column":4}},"11":{"start":{"line":21,"column":4},"end":{"line":21,"column":60}},"12":{"start":{"line":23,"column":3},"end":{"line":23,"column":9}},"13":{"start":{"line":28,"column":3},"end":{"line":30,"column":4}},"14":{"start":{"line":29,"column":4},"end":{"line":29,"column":28}},"15":{"start":{"line":31,"column":3},"end":{"line":31,"column":9}},"16":{"start":{"line":37,"column":2},"end":{"line":38,"column":61}},"17":{"start":{"line":38,"column":20},"end":{"line":38,"column":59}},"18":{"start":{"line":41,"column":20},"end":{"line":43,"column":2}},"19":{"start":{"line":45,"column":1},"end":{"line":45,"column":33}},"20":{"start":{"line":45,"column":25},"end":{"line":45,"column":31}},"21":{"start":{"line":47,"column":1},"end":{"line":47,"column":12}}},"fnMap":{"0":{"name":"(anonymous_0)","decl":{"start":{"line":1,"column":17},"end":{"line":1,"column":18}},"loc":{"start":{"line":1,"column":34},"end":{"line":48,"column":1}}},"1":{"name":"getLoadersPropertyPaths","decl":{"start":{"line":2,"column":10},"end":{"line":2,"column":33}},"loc":{"start":{"line":2,"column":39},"end":{"line":4,"column":2}}},"2":{"name":"removeLoaderByName","decl":{"start":{"line":6,"column":10},"end":{"line":6,"column":28}},"loc":{"start":{"line":6,"column":41},"end":{"line":34,"column":2}}},"3":{"name":"(anonymous_3)","decl":{"start":{"line":10,"column":42},"end":{"line":10,"column":43}},"loc":{"start":{"line":10,"column":47},"end":{"line":10,"column":54}}},"4":{"name":"removeLoaders","decl":{"start":{"line":36,"column":10},"end":{"line":36,"column":23}},"loc":{"start":{"line":36,"column":29},"end":{"line":39,"column":2}}},"5":{"name":"(anonymous_5)","decl":{"start":{"line":38,"column":12},"end":{"line":38,"column":13}},"loc":{"start":{"line":38,"column":20},"end":{"line":38,"column":59}}},"6":{"name":"(anonymous_6)","decl":{"start":{"line":45,"column":20},"end":{"line":45,"column":21}},"loc":{"start":{"line":45,"column":25},"end":{"line":45,"column":31}}}},"branchMap":{"0":{"loc":{"start":{"line":8,"column":2},"end":{"line":33,"column":3}},"type":"switch","locations":[{"start":{"line":9,"column":2},"end":{"line":24,"column":3}},{"start":{"line":25,"column":2},"end":{"line":32,"column":3}}]},"1":{"loc":{"start":{"line":12,"column":3},"end":{"line":17,"column":4}},"type":"if","locations":[{"start":{"line":12,"column":3},"end":{"line":17,"column":4}},{"start":{"line":12,"column":3},"end":{"line":17,"column":4}}]},"2":{"loc":{"start":{"line":12,"column":7},"end":{"line":12,"column":41}},"type":"binary-expr","locations":[{"start":{"line":12,"column":7},"end":{"line":12,"column":21}},{"start":{"line":12,"column":25},"end":{"line":12,"column":41}}]},"3":{"loc":{"start":{"line":20,"column":3},"end":{"line":22,"column":4}},"type":"if","locations":[{"start":{"line":20,"column":3},"end":{"line":22,"column":4}},{"start":{"line":20,"column":3},"end":{"line":22,"column":4}}]},"4":{"loc":{"start":{"line":28,"column":3},"end":{"line":30,"column":4}},"type":"if","locations":[{"start":{"line":28,"column":3},"end":{"line":30,"column":4}},{"start":{"line":28,"column":3},"end":{"line":30,"column":4}}]}},"s":{"0":2,"1":6,"2":8,"3":8,"4":6,"5":12,"6":6,"7":6,"8":4,"9":4,"10":6,"11":4,"12":6,"13":2,"14":2,"15":2,"16":6,"17":8,"18":6,"19":6,"20":6,"21":6},"f":{"0":6,"1":6,"2":8,"3":12,"4":6,"5":8,"6":6},"b":{"0":[6,2],"1":[4,2],"2":[6,6],"3":[4,2],"4":[2,0]},"_coverageSchema":"332fd63041d2c1bcb487cc26dd0d5f7d97098a6c","hash":"bf3156fe0e1fa8ce0433388564a21b38a8e9c56d"}
,"/Users/evenstensberg/Documents/webpack-cli/lib/transformations/resolve/resolve.js": {"path":"/Users/evenstensberg/Documents/webpack-cli/lib/transformations/resolve/resolve.js","statementMap":{"0":{"start":{"line":1,"column":0},"end":{"line":49,"column":2}},"1":{"start":{"line":3,"column":20},"end":{"line":5,"column":2}},"2":{"start":{"line":4,"column":2},"end":{"line":4,"column":77}},"3":{"start":{"line":4,"column":48},"end":{"line":4,"column":72}},"4":{"start":{"line":7,"column":22},"end":{"line":12,"column":2}},"5":{"start":{"line":8,"column":2},"end":{"line":11,"column":10}},"6":{"start":{"line":10,"column":4},"end":{"line":10,"column":56}},"7":{"start":{"line":14,"column":25},"end":{"line":17,"column":2}},"8":{"start":{"line":15,"column":18},"end":{"line":15,"column":85}},"9":{"start":{"line":15,"column":57},"end":{"line":15,"column":84}},"10":{"start":{"line":16,"column":2},"end":{"line":16,"column":42}},"11":{"start":{"line":19,"column":27},"end":{"line":38,"column":2}},"12":{"start":{"line":20,"column":18},"end":{"line":20,"column":31}},"13":{"start":{"line":21,"column":19},"end":{"line":21,"column":23}},"14":{"start":{"line":22,"column":2},"end":{"line":26,"column":3}},"15":{"start":{"line":23,"column":3},"end":{"line":23,"column":39}},"16":{"start":{"line":25,"column":3},"end":{"line":25,"column":32}},"17":{"start":{"line":27,"column":15},"end":{"line":27,"column":33}},"18":{"start":{"line":29,"column":2},"end":{"line":34,"column":3}},"19":{"start":{"line":30,"column":3},"end":{"line":30,"column":87}},"20":{"start":{"line":31,"column":3},"end":{"line":31,"column":70}},"21":{"start":{"line":33,"column":3},"end":{"line":33,"column":68}},"22":{"start":{"line":35,"column":20},"end":{"line":35,"column":35}},"23":{"start":{"line":36,"column":2},"end":{"line":36,"column":47}},"24":{"start":{"line":37,"column":2},"end":{"line":37,"column":11}},"25":{"start":{"line":40,"column":1},"end":{"line":48,"column":30}},"26":{"start":{"line":43,"column":3},"end":{"line":46,"column":19}},"27":{"start":{"line":45,"column":21},"end":{"line":45,"column":45}}},"fnMap":{"0":{"name":"transformer","decl":{"start":{"line":1,"column":26},"end":{"line":1,"column":37}},"loc":{"start":{"line":1,"column":46},"end":{"line":49,"column":1}}},"1":{"name":"(anonymous_1)","decl":{"start":{"line":3,"column":20},"end":{"line":3,"column":21}},"loc":{"start":{"line":3,"column":25},"end":{"line":5,"column":2}}},"2":{"name":"(anonymous_2)","decl":{"start":{"line":4,"column":40},"end":{"line":4,"column":41}},"loc":{"start":{"line":4,"column":48},"end":{"line":4,"column":72}}},"3":{"name":"(anonymous_3)","decl":{"start":{"line":7,"column":22},"end":{"line":7,"column":23}},"loc":{"start":{"line":7,"column":27},"end":{"line":12,"column":2}}},"4":{"name":"(anonymous_4)","decl":{"start":{"line":9,"column":11},"end":{"line":9,"column":12}},"loc":{"start":{"line":9,"column":39},"end":{"line":11,"column":4}}},"5":{"name":"(anonymous_5)","decl":{"start":{"line":14,"column":25},"end":{"line":14,"column":26}},"loc":{"start":{"line":14,"column":30},"end":{"line":17,"column":2}}},"6":{"name":"(anonymous_6)","decl":{"start":{"line":15,"column":49},"end":{"line":15,"column":50}},"loc":{"start":{"line":15,"column":57},"end":{"line":15,"column":84}}},"7":{"name":"(anonymous_7)","decl":{"start":{"line":19,"column":27},"end":{"line":19,"column":28}},"loc":{"start":{"line":19,"column":32},"end":{"line":38,"column":2}}},"8":{"name":"(anonymous_8)","decl":{"start":{"line":42,"column":10},"end":{"line":42,"column":11}},"loc":{"start":{"line":42,"column":15},"end":{"line":47,"column":3}}},"9":{"name":"(anonymous_9)","decl":{"start":{"line":45,"column":13},"end":{"line":45,"column":14}},"loc":{"start":{"line":45,"column":21},"end":{"line":45,"column":45}}}},"branchMap":{"0":{"loc":{"start":{"line":10,"column":11},"end":{"line":10,"column":55}},"type":"cond-expr","locations":[{"start":{"line":10,"column":38},"end":{"line":10,"column":43}},{"start":{"line":10,"column":46},"end":{"line":10,"column":55}}]},"1":{"loc":{"start":{"line":16,"column":9},"end":{"line":16,"column":41}},"type":"binary-expr","locations":[{"start":{"line":16,"column":9},"end":{"line":16,"column":27}},{"start":{"line":16,"column":31},"end":{"line":16,"column":41}}]},"2":{"loc":{"start":{"line":22,"column":2},"end":{"line":26,"column":3}},"type":"if","locations":[{"start":{"line":22,"column":2},"end":{"line":26,"column":3}},{"start":{"line":22,"column":2},"end":{"line":26,"column":3}}]},"3":{"loc":{"start":{"line":29,"column":2},"end":{"line":34,"column":3}},"type":"if","locations":[{"start":{"line":29,"column":2},"end":{"line":34,"column":3}},{"start":{"line":29,"column":2},"end":{"line":34,"column":3}}]},"4":{"loc":{"start":{"line":43,"column":10},"end":{"line":46,"column":18}},"type":"binary-expr","locations":[{"start":{"line":43,"column":10},"end":{"line":43,"column":39}},{"start":{"line":44,"column":7},"end":{"line":46,"column":18}}]}},"s":{"0":2,"1":3,"2":6,"3":9,"4":3,"5":6,"6":12,"7":3,"8":6,"9":9,"10":6,"11":3,"12":6,"13":6,"14":6,"15":2,"16":4,"17":6,"18":6,"19":3,"20":3,"21":3,"22":6,"23":6,"24":6,"25":3,"26":39,"27":9},"f":{"0":3,"1":6,"2":9,"3":6,"4":12,"5":6,"6":9,"7":6,"8":39,"9":9},"b":{"0":[6,6],"1":[6,3],"2":[2,4],"3":[3,3],"4":[39,6]},"_coverageSchema":"332fd63041d2c1bcb487cc26dd0d5f7d97098a6c","hash":"44f002659d06e458da48dd4bb0dd2ff2b991ceb9"}
,"/Users/evenstensberg/Documents/webpack-cli/lib/transformations/uglifyJsPlugin/uglifyJsPlugin.js": {"path":"/Users/evenstensberg/Documents/webpack-cli/lib/transformations/uglifyJsPlugin/uglifyJsPlugin.js","statementMap":{"0":{"start":{"line":1,"column":26},"end":{"line":1,"column":63}},"1":{"start":{"line":3,"column":0},"end":{"line":25,"column":2}},"2":{"start":{"line":6,"column":2},"end":{"line":6,"column":77}},"3":{"start":{"line":9,"column":1},"end":{"line":24,"column":5}},"4":{"start":{"line":11,"column":16},"end":{"line":11,"column":36}},"5":{"start":{"line":13,"column":3},"end":{"line":23,"column":4}},"6":{"start":{"line":15,"column":4},"end":{"line":19,"column":39}},"7":{"start":{"line":22,"column":4},"end":{"line":22,"column":64}}},"fnMap":{"0":{"name":"(anonymous_0)","decl":{"start":{"line":3,"column":17},"end":{"line":3,"column":18}},"loc":{"start":{"line":3,"column":34},"end":{"line":25,"column":1}}},"1":{"name":"createSourceMapsProperty","decl":{"start":{"line":5,"column":10},"end":{"line":5,"column":34}},"loc":{"start":{"line":5,"column":37},"end":{"line":7,"column":2}}},"2":{"name":"(anonymous_2)","decl":{"start":{"line":10,"column":11},"end":{"line":10,"column":12}},"loc":{"start":{"line":10,"column":19},"end":{"line":24,"column":3}}}},"branchMap":{"0":{"loc":{"start":{"line":13,"column":3},"end":{"line":23,"column":4}},"type":"if","locations":[{"start":{"line":13,"column":3},"end":{"line":23,"column":4}},{"start":{"line":13,"column":3},"end":{"line":23,"column":4}}]}},"s":{"0":2,"1":2,"2":5,"3":5,"4":5,"5":5,"6":2,"7":3},"f":{"0":5,"1":5,"2":5},"b":{"0":[2,3]},"_coverageSchema":"332fd63041d2c1bcb487cc26dd0d5f7d97098a6c","hash":"8f2079770cc793d4b7f761cbd3c5086720b0f59b"}
,"/Users/evenstensberg/Documents/webpack-cli/lib/utils/initial-config.js": {"path":"/Users/evenstensberg/Documents/webpack-cli/lib/utils/initial-config.js","statementMap":{"0":{"start":{"line":9,"column":0},"end":{"line":12,"column":2}}},"fnMap":{},"branchMap":{},"s":{"0":3},"f":{},"b":{},"_coverageSchema":"332fd63041d2c1bcb487cc26dd0d5f7d97098a6c","hash":"5e0f1c4d007bf1a7c771834359325bab53d9c4e9"}
,"/Users/evenstensberg/Documents/webpack-cli/lib/utils/initial-questions.js": {"path":"/Users/evenstensberg/Documents/webpack-cli/lib/utils/initial-questions.js","statementMap":{"0":{"start":{"line":13,"column":1},"end":{"line":17,"column":4}},"1":{"start":{"line":26,"column":18},"end":{"line":29,"column":1}},"2":{"start":{"line":31,"column":0},"end":{"line":31,"column":27}}},"fnMap":{"0":{"name":"inquirerInput","decl":{"start":{"line":12,"column":9},"end":{"line":12,"column":22}},"loc":{"start":{"line":12,"column":38},"end":{"line":18,"column":1}}}},"branchMap":{},"s":{"0":6,"1":3,"2":3},"f":{"0":6},"b":{},"_coverageSchema":"332fd63041d2c1bcb487cc26dd0d5f7d97098a6c","hash":"f96c2ef396cca361afc84669594df1151424241e"}
,"/Users/evenstensberg/Documents/webpack-cli/lib/utils/npm-exists.js": {"path":"/Users/evenstensberg/Documents/webpack-cli/lib/utils/npm-exists.js","statementMap":{"0":{"start":{"line":1,"column":12},"end":{"line":1,"column":26}},"1":{"start":{"line":2,"column":14},"end":{"line":2,"column":30}},"2":{"start":{"line":3,"column":17},"end":{"line":3,"column":37}},"3":{"start":{"line":3,"column":26},"end":{"line":3,"column":37}},"4":{"start":{"line":3,"column":32},"end":{"line":3,"column":37}},"5":{"start":{"line":15,"column":0},"end":{"line":26,"column":2}},"6":{"start":{"line":17,"column":1},"end":{"line":20,"column":2}},"7":{"start":{"line":18,"column":2},"end":{"line":19,"column":94}},"8":{"start":{"line":21,"column":18},"end":{"line":21,"column":41}},"9":{"start":{"line":22,"column":16},"end":{"line":22,"column":51}},"10":{"start":{"line":23,"column":1},"end":{"line":25,"column":26}}},"fnMap":{"0":{"name":"(anonymous_0)","decl":{"start":{"line":3,"column":17},"end":{"line":3,"column":18}},"loc":{"start":{"line":3,"column":26},"end":{"line":3,"column":37}}},"1":{"name":"(anonymous_1)","decl":{"start":{"line":3,"column":26},"end":{"line":3,"column":27}},"loc":{"start":{"line":3,"column":32},"end":{"line":3,"column":37}}},"2":{"name":"npmExists","decl":{"start":{"line":15,"column":26},"end":{"line":15,"column":35}},"loc":{"start":{"line":15,"column":48},"end":{"line":26,"column":1}}}},"branchMap":{"0":{"loc":{"start":{"line":17,"column":1},"end":{"line":20,"column":2}},"type":"if","locations":[{"start":{"line":17,"column":1},"end":{"line":20,"column":2}},{"start":{"line":17,"column":1},"end":{"line":20,"column":2}}]},"1":{"loc":{"start":{"line":17,"column":5},"end":{"line":17,"column":75}},"type":"binary-expr","locations":[{"start":{"line":17,"column":5},"end":{"line":17,"column":28}},{"start":{"line":17,"column":32},"end":{"line":17,"column":75}}]}},"s":{"0":3,"1":3,"2":3,"3":8,"4":4,"5":3,"6":4,"7":0,"8":4,"9":4,"10":4},"f":{"0":8,"1":4,"2":4},"b":{"0":[0,4],"1":[4,4]},"_coverageSchema":"332fd63041d2c1bcb487cc26dd0d5f7d97098a6c","hash":"5cbaaa753645e393482be68aca3adef4dc5cfd49"}
}
