TN:
SF:/Users/evenstensberg/Documents/webpack-cli/lib/transformations/defineTest.js
FN:36,runTest
FN:64,defineTest
FN:68,(anonymous_2)
FN:69,(anonymous_3)
FNF:4
FNH:4
FNDA:25,runTest
FNDA:25,defineTest
FNDA:25,(anonymous_2)
FNDA:25,(anonymous_3)
DA:14,8
DA:15,8
DA:37,25
DA:38,2
DA:41,25
DA:42,25
DA:43,25
DA:45,25
DA:47,25
DA:51,25
DA:52,25
DA:53,0
DA:55,25
DA:56,25
DA:57,25
DA:65,25
DA:68,25
DA:69,25
DA:70,25
DA:74,8
LF:20
LH:19
BRDA:37,0,0,2
BRDA:37,0,1,23
BRDA:47,1,0,0
BRDA:47,1,1,25
BRDA:52,2,0,0
BRDA:52,2,1,25
BRDA:65,3,0,23
BRDA:65,3,1,2
BRF:8
BRH:6
end_of_record
TN:
SF:/Users/evenstensberg/Documents/webpack-cli/lib/transformations/index.js
FN:34,transform
FN:39,(anonymous_1)
FN:40,(anonymous_2)
FNF:3
FNH:3
FNDA:4,transform
FNDA:16,(anonymous_1)
FNDA:17,(anonymous_2)
DA:1,1
DA:3,1
DA:4,1
DA:5,1
DA:6,1
DA:7,1
DA:8,1
DA:9,1
DA:10,1
DA:12,1
DA:35,4
DA:36,4
DA:39,16
DA:40,17
DA:41,4
DA:44,1
LF:16
LH:16
BRDA:39,0,0,4
BRDA:39,0,1,2
BRF:2
BRH:2
end_of_record
TN:
SF:/Users/evenstensberg/Documents/webpack-cli/lib/transformations/utils.js
FN:1,safeTraverse
FN:16,memberExpressionToPathString
FN:24,pathsToMemberExpression
FN:49,findPluginsByName
FN:52,(anonymous_4)
FN:54,(anonymous_5)
FN:68,findPluginsRootNodes
FN:82,createProperty
FN:100,createLiteral
FN:126,createOrUpdatePluginByName
FN:130,(anonymous_10)
FN:137,(anonymous_11)
FN:148,(anonymous_12)
FN:152,(anonymous_13)
FN:156,(anonymous_14)
FN:197,findVariableToPlugin
FN:214,isType
FN:218,findObjWithOneOfKeys
FN:220,(anonymous_18)
FNF:19
FNH:19
FNDA:75,safeTraverse
FNDA:150,memberExpressionToPathString
FNDA:12,pathsToMemberExpression
FNDA:32,findPluginsByName
FNDA:49,(anonymous_4)
FNDA:57,(anonymous_5)
FNDA:2,findPluginsRootNodes
FNDA:31,createProperty
FNDA:64,createLiteral
FNDA:9,createOrUpdatePluginByName
FNDA:12,(anonymous_10)
FNDA:5,(anonymous_11)
FNDA:6,(anonymous_12)
FNDA:6,(anonymous_13)
FNDA:1,(anonymous_14)
FNDA:4,findVariableToPlugin
FNDA:2,isType
FNDA:133,findObjWithOneOfKeys
FNDA:244,(anonymous_18)
DA:2,75
DA:3,75
DA:5,75
DA:6,360
DA:7,7
DA:9,353
DA:10,353
DA:12,68
DA:17,150
DA:18,93
DA:20,57
DA:25,12
DA:26,0
DA:27,12
DA:28,8
DA:30,4
DA:31,4
DA:32,4
DA:50,32
DA:53,49
DA:54,57
DA:69,2
DA:83,31
DA:101,64
DA:103,64
DA:105,52
DA:107,52
DA:109,52
DA:111,64
DA:127,9
DA:129,9
DA:130,8
DA:131,12
DA:136,9
DA:137,5
DA:139,5
DA:140,5
DA:141,5
DA:144,4
DA:148,4
DA:150,6
DA:152,6
DA:154,6
DA:156,1
DA:157,1
DA:161,5
DA:167,1
DA:174,4
DA:175,4
DA:176,3
DA:178,4
DA:182,4
DA:198,4
DA:201,4
DA:202,2
DA:215,2
DA:219,133
DA:221,244
DA:222,244
DA:227,8
LF:60
LH:59
BRDA:6,0,0,7
BRDA:6,0,1,353
BRDA:17,1,0,93
BRDA:17,1,1,57
BRDA:17,2,0,150
BRDA:17,2,1,150
BRDA:25,3,0,0
BRDA:25,3,1,12
BRDA:27,4,0,8
BRDA:27,4,1,4
BRDA:103,5,0,52
BRDA:103,5,1,12
BRDA:105,6,0,1
BRDA:105,6,1,51
BRDA:107,7,0,0
BRDA:107,7,1,52
BRDA:109,8,0,0
BRDA:109,8,1,52
BRDA:129,9,0,8
BRDA:129,9,1,1
BRDA:136,10,0,5
BRDA:136,10,1,4
BRDA:139,11,0,5
BRDA:139,11,1,0
BRDA:141,12,0,4
BRDA:141,12,1,1
BRDA:154,13,0,1
BRDA:154,13,1,5
BRDA:175,14,0,3
BRDA:175,14,1,1
BRDA:201,15,0,2
BRDA:201,15,1,2
BRDA:222,16,0,244
BRDA:222,16,1,231
BRF:34
BRH:30
end_of_record
TN:
SF:/Users/evenstensberg/Documents/webpack-cli/lib/transformations/bannerPlugin/bannerPlugin.js
FN:3,(anonymous_0)
FN:5,(anonymous_1)
FNF:2
FNH:2
FNDA:5,(anonymous_0)
FNDA:2,(anonymous_1)
DA:1,2
DA:3,2
DA:4,5
DA:6,2
DA:9,2
DA:11,1
DA:12,1
LF:7
LH:7
BRDA:9,0,0,1
BRDA:9,0,1,1
BRDA:9,1,0,2
BRDA:9,1,1,2
BRDA:9,1,2,1
BRF:5
BRH:5
end_of_record
TN:
SF:/Users/evenstensberg/Documents/webpack-cli/lib/transformations/extractTextPlugin/extractTextPlugin.js
FN:3,findInvocation
FN:6,(anonymous_1)
FN:9,(anonymous_2)
FN:10,(anonymous_3)
FN:15,(anonymous_4)
FN:17,(anonymous_5)
FN:28,(anonymous_6)
FNF:7
FNH:7
FNDA:3,findInvocation
FNDA:1,(anonymous_1)
FNDA:3,(anonymous_2)
FNDA:1,(anonymous_3)
FNDA:2,(anonymous_4)
FNDA:2,(anonymous_5)
FNDA:3,(anonymous_6)
DA:1,2
DA:4,3
DA:6,1
DA:9,2
DA:10,3
DA:11,1
DA:15,2
DA:16,1
DA:17,1
DA:18,2
DA:20,1
DA:22,1
DA:24,3
DA:25,3
DA:27,1
DA:28,3
LF:16
LH:16
BRDA:16,0,0,1
BRDA:16,0,1,0
BRDA:16,1,0,1
BRDA:16,1,1,1
BRDA:18,2,0,1
BRDA:18,2,1,1
BRDA:25,3,0,2
BRDA:25,3,1,1
BRF:8
BRH:7
end_of_record
TN:
SF:/Users/evenstensberg/Documents/webpack-cli/lib/transformations/loaderOptionsPlugin/loaderOptionsPlugin.js
FN:5,(anonymous_0)
FN:22,(anonymous_1)
FN:23,(anonymous_2)
FNF:3
FNH:3
FNDA:5,(anonymous_0)
FNDA:11,(anonymous_1)
FNDA:5,(anonymous_2)
DA:1,2
DA:2,2
DA:3,2
DA:5,2
DA:6,5
DA:11,5
DA:12,3
DA:16,5
DA:17,3
DA:20,5
DA:22,11
DA:24,5
LF:12
LH:12
BRDA:11,0,0,3
BRDA:11,0,1,2
BRDA:16,1,0,3
BRDA:16,1,1,2
BRDA:24,2,0,5
BRDA:24,2,1,3
BRF:6
BRH:6
end_of_record
TN:
SF:/Users/evenstensberg/Documents/webpack-cli/lib/transformations/loaders/loaders.js
FN:3,(anonymous_0)
FN:5,(anonymous_1)
FN:7,(anonymous_2)
FN:15,(anonymous_3)
FN:18,(anonymous_4)
FN:21,(anonymous_5)
FN:32,(anonymous_6)
FN:34,(anonymous_7)
FN:41,(anonymous_8)
FN:44,(anonymous_9)
FN:46,(anonymous_10)
FN:52,(anonymous_11)
FN:57,(anonymous_12)
FN:68,(anonymous_13)
FN:73,(anonymous_14)
FN:75,(anonymous_15)
FN:76,(anonymous_16)
FN:78,(anonymous_17)
FN:81,(anonymous_18)
FN:83,(anonymous_19)
FN:85,(anonymous_20)
FN:90,(anonymous_21)
FN:92,(anonymous_22)
FN:94,(anonymous_23)
FN:101,(anonymous_24)
FN:103,(anonymous_25)
FN:107,(anonymous_26)
FN:109,(anonymous_27)
FN:112,(anonymous_28)
FN:114,(anonymous_29)
FN:115,(anonymous_30)
FN:134,(anonymous_31)
FNF:32
FNH:29
FNDA:10,(anonymous_0)
FNDA:2,(anonymous_1)
FNDA:4,(anonymous_2)
FNDA:0,(anonymous_3)
FNDA:0,(anonymous_4)
FNDA:0,(anonymous_5)
FNDA:4,(anonymous_6)
FNDA:6,(anonymous_7)
FNDA:161,(anonymous_8)
FNDA:8,(anonymous_9)
FNDA:12,(anonymous_10)
FNDA:12,(anonymous_11)
FNDA:8,(anonymous_12)
FNDA:8,(anonymous_13)
FNDA:10,(anonymous_14)
FNDA:64,(anonymous_15)
FNDA:8,(anonymous_16)
FNDA:10,(anonymous_17)
FNDA:16,(anonymous_18)
FNDA:10,(anonymous_19)
FNDA:161,(anonymous_20)
FNDA:20,(anonymous_21)
FNDA:10,(anonymous_22)
FNDA:161,(anonymous_23)
FNDA:10,(anonymous_24)
FNDA:68,(anonymous_25)
FNDA:10,(anonymous_26)
FNDA:161,(anonymous_27)
FNDA:10,(anonymous_28)
FNDA:68,(anonymous_29)
FNDA:125,(anonymous_30)
FNDA:70,(anonymous_31)
DA:1,2
DA:3,2
DA:5,10
DA:6,2
DA:7,4
DA:10,2
DA:11,2
DA:12,2
DA:15,10
DA:16,0
DA:17,0
DA:18,0
DA:19,0
DA:20,0
DA:21,0
DA:22,0
DA:23,0
DA:24,0
DA:25,0
DA:27,0
DA:28,0
DA:29,0
DA:32,10
DA:33,4
DA:35,6
DA:41,161
DA:44,10
DA:46,8
DA:47,12
DA:48,12
DA:49,4
DA:52,8
DA:53,12
DA:54,12
DA:55,8
DA:57,8
DA:58,8
DA:59,8
DA:60,4
DA:62,4
DA:67,8
DA:68,8
DA:70,8
DA:73,10
DA:75,64
DA:76,8
DA:78,10
DA:81,16
DA:83,10
DA:86,161
DA:90,20
DA:92,10
DA:95,161
DA:101,10
DA:103,68
DA:107,10
DA:109,161
DA:112,10
DA:115,68
DA:116,125
DA:119,9
DA:125,10
DA:134,70
DA:136,10
LF:64
LH:51
BRDA:18,0,0,0
BRDA:18,0,1,0
BRDA:24,1,0,0
BRDA:24,1,1,0
BRDA:35,2,0,6
BRDA:35,2,1,4
BRDA:35,2,2,6
BRDA:41,3,0,161
BRDA:41,3,1,21
BRDA:48,4,0,4
BRDA:48,4,1,8
BRDA:54,5,0,8
BRDA:54,5,1,4
BRDA:55,6,0,4
BRDA:55,6,1,4
BRDA:59,7,0,4
BRDA:59,7,1,4
BRDA:59,8,0,8
BRDA:59,8,1,4
BRDA:67,9,0,4
BRDA:67,9,1,4
BRDA:86,10,0,161
BRDA:86,10,1,156
BRDA:86,10,2,24
BRDA:95,11,0,161
BRDA:95,11,1,20
BRDA:95,11,2,15
BRDA:116,12,0,9
BRDA:116,12,1,116
BRDA:116,13,0,125
BRDA:116,13,1,121
BRDA:116,13,2,24
BRDA:116,13,3,17
BRF:33
BRH:29
end_of_record
TN:
SF:/Users/evenstensberg/Documents/webpack-cli/lib/transformations/removeDeprecatedPlugins/removeDeprecatedPlugins.js
FN:3,(anonymous_0)
FN:12,(anonymous_1)
FNF:2
FNH:2
FNDA:5,(anonymous_0)
FNDA:6,(anonymous_1)
DA:1,2
DA:3,2
DA:6,5
DA:11,5
DA:15,6
DA:16,2
DA:18,4
LF:7
LH:7
BRDA:15,0,0,2
BRDA:15,0,1,4
BRF:2
BRH:2
end_of_record
TN:
SF:/Users/evenstensberg/Documents/webpack-cli/lib/transformations/removeJsonLoader/removeJsonLoader.js
FN:1,(anonymous_0)
FN:2,getLoadersPropertyPaths
FN:6,removeLoaderByName
FN:10,(anonymous_3)
FN:36,removeLoaders
FN:38,(anonymous_5)
FN:45,(anonymous_6)
FNF:7
FNH:7
FNDA:6,(anonymous_0)
FNDA:6,getLoadersPropertyPaths
FNDA:8,removeLoaderByName
FNDA:12,(anonymous_3)
FNDA:6,removeLoaders
FNDA:8,(anonymous_5)
FNDA:6,(anonymous_6)
DA:1,2
DA:3,6
DA:7,8
DA:8,8
DA:10,12
DA:11,6
DA:12,6
DA:14,4
DA:16,4
DA:20,6
DA:21,4
DA:23,6
DA:28,2
DA:29,2
DA:31,2
DA:37,6
DA:38,8
DA:41,6
DA:45,6
DA:47,6
LF:20
LH:20
BRDA:8,0,0,6
BRDA:8,0,1,2
BRDA:12,1,0,4
BRDA:12,1,1,2
BRDA:12,2,0,6
BRDA:12,2,1,6
BRDA:20,3,0,4
BRDA:20,3,1,2
BRDA:28,4,0,2
BRDA:28,4,1,0
BRF:10
BRH:9
end_of_record
TN:
SF:/Users/evenstensberg/Documents/webpack-cli/lib/transformations/resolve/resolve.js
FN:1,transformer
FN:3,(anonymous_1)
FN:4,(anonymous_2)
FN:7,(anonymous_3)
FN:9,(anonymous_4)
FN:14,(anonymous_5)
FN:15,(anonymous_6)
FN:19,(anonymous_7)
FN:42,(anonymous_8)
FN:45,(anonymous_9)
FNF:10
FNH:10
FNDA:3,transformer
FNDA:6,(anonymous_1)
FNDA:9,(anonymous_2)
FNDA:6,(anonymous_3)
FNDA:12,(anonymous_4)
FNDA:6,(anonymous_5)
FNDA:9,(anonymous_6)
FNDA:6,(anonymous_7)
FNDA:39,(anonymous_8)
FNDA:9,(anonymous_9)
DA:1,2
DA:3,3
DA:4,9
DA:7,3
DA:8,6
DA:10,12
DA:14,3
DA:15,9
DA:16,6
DA:19,3
DA:20,6
DA:21,6
DA:22,6
DA:23,2
DA:25,4
DA:27,6
DA:29,6
DA:30,3
DA:31,3
DA:33,3
DA:35,6
DA:36,6
DA:37,6
DA:40,3
DA:43,39
DA:45,9
LF:26
LH:26
BRDA:10,0,0,6
BRDA:10,0,1,6
BRDA:16,1,0,6
BRDA:16,1,1,3
BRDA:22,2,0,2
BRDA:22,2,1,4
BRDA:29,3,0,3
BRDA:29,3,1,3
BRDA:43,4,0,39
BRDA:43,4,1,6
BRF:10
BRH:10
end_of_record
TN:
SF:/Users/evenstensberg/Documents/webpack-cli/lib/transformations/uglifyJsPlugin/uglifyJsPlugin.js
FN:3,(anonymous_0)
FN:5,createSourceMapsProperty
FN:10,(anonymous_2)
FNF:3
FNH:3
FNDA:5,(anonymous_0)
FNDA:5,createSourceMapsProperty
FNDA:5,(anonymous_2)
DA:1,2
DA:3,2
DA:6,5
DA:9,5
DA:11,5
DA:13,5
DA:15,2
DA:22,3
LF:8
LH:8
BRDA:13,0,0,2
BRDA:13,0,1,3
BRF:2
BRH:2
end_of_record
TN:
SF:/Users/evenstensberg/Documents/webpack-cli/lib/utils/initial-config.js
FNF:0
FNH:0
DA:9,3
LF:1
LH:1
BRF:0
BRH:0
end_of_record
TN:
SF:/Users/evenstensberg/Documents/webpack-cli/lib/utils/initial-questions.js
FN:12,inquirerInput
FNF:1
FNH:1
FNDA:6,inquirerInput
DA:13,6
DA:26,3
DA:31,3
LF:3
LH:3
BRF:0
BRH:0
end_of_record
TN:
SF:/Users/evenstensberg/Documents/webpack-cli/lib/utils/npm-exists.js
FN:3,(anonymous_0)
FN:3,(anonymous_1)
FN:15,npmExists
FNF:3
FNH:3
FNDA:8,(anonymous_0)
FNDA:4,(anonymous_1)
FNDA:4,npmExists
DA:1,3
DA:2,3
DA:3,8
DA:15,3
DA:17,4
DA:18,0
DA:21,4
DA:22,4
DA:23,4
LF:9
LH:8
BRDA:17,0,0,0
BRDA:17,0,1,4
BRDA:17,1,0,4
BRDA:17,1,1,4
BRF:4
BRH:3
end_of_record
